{"/home/eduardo/grupo-05/api/swaggerConfig.js": {"path":"/home/eduardo/grupo-05/api/swaggerConfig.js","statementMap":{"0":{"start":{"line":1,"column":21},"end":{"line":1,"column":45}},"1":{"start":{"line":3,"column":16},"end":{"line":18,"column":1}},"2":{"start":{"line":20,"column":20},"end":{"line":20,"column":41}},"3":{"start":{"line":22,"column":0},"end":{"line":22,"column":29}}},"fnMap":{},"branchMap":{},"s":{"0":1,"1":1,"2":1,"3":1},"f":{},"b":{},"_coverageSchema":"1a1c01bbd47fc00a2c39e90264f33305004495a9","hash":"7f7aa237fd2ac92f19a0b66da2b95af91df177f1"}
,"/home/eduardo/grupo-05/api/src/app.js": {"path":"/home/eduardo/grupo-05/api/src/app.js","statementMap":{"0":{"start":{"line":1,"column":16},"end":{"line":1,"column":34}},"1":{"start":{"line":2,"column":13},"end":{"line":2,"column":28}},"2":{"start":{"line":3,"column":18},"end":{"line":3,"column":47}},"3":{"start":{"line":4,"column":20},"end":{"line":4,"column":47}},"4":{"start":{"line":5,"column":13},"end":{"line":5,"column":28}},"5":{"start":{"line":6,"column":27},"end":{"line":6,"column":70}},"6":{"start":{"line":9,"column":19},"end":{"line":9,"column":49}},"7":{"start":{"line":10,"column":23},"end":{"line":10,"column":57}},"8":{"start":{"line":11,"column":23},"end":{"line":11,"column":57}},"9":{"start":{"line":13,"column":12},"end":{"line":13,"column":21}},"10":{"start":{"line":16,"column":0},"end":{"line":16,"column":24}},"11":{"start":{"line":19,"column":0},"end":{"line":25,"column":2}},"12":{"start":{"line":27,"column":0},"end":{"line":27,"column":69}},"13":{"start":{"line":30,"column":0},"end":{"line":30,"column":68}},"14":{"start":{"line":33,"column":0},"end":{"line":33,"column":28}},"15":{"start":{"line":34,"column":0},"end":{"line":34,"column":47}},"16":{"start":{"line":35,"column":0},"end":{"line":35,"column":32}},"17":{"start":{"line":38,"column":0},"end":{"line":40,"column":3}},"18":{"start":{"line":39,"column":2},"end":{"line":39,"column":58}},"19":{"start":{"line":43,"column":0},"end":{"line":46,"column":3}},"20":{"start":{"line":44,"column":2},"end":{"line":44,"column":42}},"21":{"start":{"line":45,"column":2},"end":{"line":45,"column":92}},"22":{"start":{"line":48,"column":0},"end":{"line":48,"column":21}}},"fnMap":{"0":{"name":"(anonymous_0)","decl":{"start":{"line":38,"column":8},"end":{"line":38,"column":9}},"loc":{"start":{"line":38,"column":28},"end":{"line":40,"column":1}},"line":38},"1":{"name":"(anonymous_1)","decl":{"start":{"line":43,"column":8},"end":{"line":43,"column":9}},"loc":{"start":{"line":43,"column":33},"end":{"line":46,"column":1}},"line":43}},"branchMap":{"0":{"loc":{"start":{"line":45,"column":13},"end":{"line":45,"column":30}},"type":"binary-expr","locations":[{"start":{"line":45,"column":13},"end":{"line":45,"column":23}},{"start":{"line":45,"column":27},"end":{"line":45,"column":30}}],"line":45},"1":{"loc":{"start":{"line":45,"column":46},"end":{"line":45,"column":88}},"type":"binary-expr","locations":[{"start":{"line":45,"column":46},"end":{"line":45,"column":57}},{"start":{"line":45,"column":61},"end":{"line":45,"column":88}}],"line":45}},"s":{"0":1,"1":1,"2":1,"3":1,"4":1,"5":1,"6":1,"7":1,"8":1,"9":1,"10":1,"11":1,"12":1,"13":1,"14":1,"15":1,"16":1,"17":1,"18":4,"19":1,"20":0,"21":0,"22":1},"f":{"0":4,"1":0},"b":{"0":[0,0],"1":[0,0]},"_coverageSchema":"1a1c01bbd47fc00a2c39e90264f33305004495a9","hash":"c47de64325f28c2947ea85a7d3b434b3e03b8145"}
,"/home/eduardo/grupo-05/api/src/controller/DenunciaController.js": {"path":"/home/eduardo/grupo-05/api/src/controller/DenunciaController.js","statementMap":{"0":{"start":{"line":1,"column":24},"end":{"line":1,"column":62}},"1":{"start":{"line":2,"column":20},"end":{"line":2,"column":54}},"2":{"start":{"line":3,"column":24},"end":{"line":3,"column":62}},"3":{"start":{"line":4,"column":17},"end":{"line":4,"column":45}},"4":{"start":{"line":11,"column":4},"end":{"line":103,"column":5}},"5":{"start":{"line":12,"column":51},"end":{"line":12,"column":59}},"6":{"start":{"line":15,"column":6},"end":{"line":25,"column":7}},"7":{"start":{"line":20,"column":8},"end":{"line":24,"column":13}},"8":{"start":{"line":26,"column":6},"end":{"line":32,"column":7}},"9":{"start":{"line":27,"column":8},"end":{"line":31,"column":13}},"10":{"start":{"line":33,"column":6},"end":{"line":37,"column":7}},"11":{"start":{"line":34,"column":8},"end":{"line":36,"column":76}},"12":{"start":{"line":40,"column":26},"end":{"line":40,"column":55}},"13":{"start":{"line":42,"column":23},"end":{"line":51,"column":7}},"14":{"start":{"line":53,"column":6},"end":{"line":53,"column":56}},"15":{"start":{"line":54,"column":6},"end":{"line":54,"column":61}},"16":{"start":{"line":57,"column":6},"end":{"line":68,"column":7}},"17":{"start":{"line":65,"column":8},"end":{"line":67,"column":76}},"18":{"start":{"line":71,"column":27},"end":{"line":71,"column":72}},"19":{"start":{"line":72,"column":25},"end":{"line":72,"column":40}},"20":{"start":{"line":75,"column":23},"end":{"line":80,"column":8}},"21":{"start":{"line":83,"column":6},"end":{"line":93,"column":7}},"22":{"start":{"line":84,"column":28},"end":{"line":91,"column":9}},"23":{"start":{"line":86,"column":12},"end":{"line":89,"column":14}},"24":{"start":{"line":92,"column":8},"end":{"line":92,"column":37}},"25":{"start":{"line":96,"column":6},"end":{"line":99,"column":9}},"26":{"start":{"line":101,"column":6},"end":{"line":101,"column":62}},"27":{"start":{"line":102,"column":6},"end":{"line":102,"column":72}},"28":{"start":{"line":110,"column":4},"end":{"line":116,"column":5}},"29":{"start":{"line":111,"column":24},"end":{"line":111,"column":63}},"30":{"start":{"line":112,"column":6},"end":{"line":112,"column":45}},"31":{"start":{"line":114,"column":6},"end":{"line":114,"column":64}},"32":{"start":{"line":115,"column":6},"end":{"line":115,"column":74}},"33":{"start":{"line":123,"column":23},"end":{"line":123,"column":33}},"34":{"start":{"line":126,"column":4},"end":{"line":128,"column":5}},"35":{"start":{"line":127,"column":6},"end":{"line":127,"column":66}},"36":{"start":{"line":130,"column":4},"end":{"line":140,"column":5}},"37":{"start":{"line":131,"column":24},"end":{"line":133,"column":7}},"38":{"start":{"line":134,"column":6},"end":{"line":134,"column":45}},"39":{"start":{"line":136,"column":6},"end":{"line":136,"column":76}},"40":{"start":{"line":137,"column":6},"end":{"line":139,"column":66}},"41":{"start":{"line":147,"column":19},"end":{"line":147,"column":29}},"42":{"start":{"line":148,"column":55},"end":{"line":148,"column":63}},"43":{"start":{"line":151,"column":4},"end":{"line":153,"column":5}},"44":{"start":{"line":152,"column":6},"end":{"line":152,"column":73}},"45":{"start":{"line":155,"column":4},"end":{"line":168,"column":5}},"46":{"start":{"line":156,"column":33},"end":{"line":163,"column":7}},"47":{"start":{"line":164,"column":6},"end":{"line":164,"column":54}},"48":{"start":{"line":166,"column":6},"end":{"line":166,"column":66}},"49":{"start":{"line":167,"column":6},"end":{"line":167,"column":76}},"50":{"start":{"line":175,"column":19},"end":{"line":175,"column":29}},"51":{"start":{"line":176,"column":23},"end":{"line":176,"column":31}},"52":{"start":{"line":179,"column":4},"end":{"line":183,"column":5}},"53":{"start":{"line":180,"column":6},"end":{"line":182,"column":63}},"54":{"start":{"line":185,"column":4},"end":{"line":196,"column":5}},"55":{"start":{"line":186,"column":33},"end":{"line":189,"column":7}},"56":{"start":{"line":190,"column":6},"end":{"line":190,"column":54}},"57":{"start":{"line":192,"column":6},"end":{"line":192,"column":76}},"58":{"start":{"line":193,"column":6},"end":{"line":195,"column":66}},"59":{"start":{"line":203,"column":19},"end":{"line":203,"column":29}},"60":{"start":{"line":206,"column":4},"end":{"line":208,"column":5}},"61":{"start":{"line":207,"column":6},"end":{"line":207,"column":73}},"62":{"start":{"line":210,"column":4},"end":{"line":226,"column":5}},"63":{"start":{"line":211,"column":23},"end":{"line":211,"column":72}},"64":{"start":{"line":212,"column":6},"end":{"line":214,"column":7}},"65":{"start":{"line":213,"column":8},"end":{"line":213,"column":75}},"66":{"start":{"line":218,"column":6},"end":{"line":220,"column":7}},"67":{"start":{"line":219,"column":8},"end":{"line":219,"column":65}},"68":{"start":{"line":222,"column":6},"end":{"line":222,"column":44}},"69":{"start":{"line":224,"column":6},"end":{"line":224,"column":70}},"70":{"start":{"line":225,"column":6},"end":{"line":225,"column":73}},"71":{"start":{"line":233,"column":4},"end":{"line":242,"column":5}},"72":{"start":{"line":235,"column":8},"end":{"line":235,"column":56}},"73":{"start":{"line":236,"column":6},"end":{"line":236,"column":54}},"74":{"start":{"line":238,"column":6},"end":{"line":238,"column":75}},"75":{"start":{"line":239,"column":6},"end":{"line":241,"column":65}},"76":{"start":{"line":249,"column":4},"end":{"line":257,"column":5}},"77":{"start":{"line":250,"column":29},"end":{"line":250,"column":73}},"78":{"start":{"line":251,"column":6},"end":{"line":251,"column":61}},"79":{"start":{"line":253,"column":6},"end":{"line":253,"column":73}},"80":{"start":{"line":254,"column":6},"end":{"line":256,"column":63}},"81":{"start":{"line":264,"column":19},"end":{"line":264,"column":29}},"82":{"start":{"line":265,"column":47},"end":{"line":265,"column":55}},"83":{"start":{"line":268,"column":4},"end":{"line":270,"column":5}},"84":{"start":{"line":269,"column":6},"end":{"line":269,"column":73}},"85":{"start":{"line":271,"column":4},"end":{"line":275,"column":5}},"86":{"start":{"line":272,"column":6},"end":{"line":274,"column":70}},"87":{"start":{"line":277,"column":4},"end":{"line":292,"column":5}},"88":{"start":{"line":278,"column":33},"end":{"line":282,"column":7}},"89":{"start":{"line":283,"column":6},"end":{"line":286,"column":9}},"90":{"start":{"line":288,"column":6},"end":{"line":288,"column":79}},"91":{"start":{"line":289,"column":6},"end":{"line":291,"column":69}},"92":{"start":{"line":299,"column":4},"end":{"line":307,"column":5}},"93":{"start":{"line":300,"column":30},"end":{"line":300,"column":75}},"94":{"start":{"line":301,"column":6},"end":{"line":301,"column":51}},"95":{"start":{"line":303,"column":6},"end":{"line":303,"column":71}},"96":{"start":{"line":304,"column":6},"end":{"line":306,"column":61}},"97":{"start":{"line":314,"column":4},"end":{"line":326,"column":5}},"98":{"start":{"line":316,"column":8},"end":{"line":316,"column":64}},"99":{"start":{"line":317,"column":6},"end":{"line":317,"column":45}},"100":{"start":{"line":319,"column":6},"end":{"line":322,"column":8}},"101":{"start":{"line":323,"column":6},"end":{"line":325,"column":73}},"102":{"start":{"line":330,"column":0},"end":{"line":330,"column":42}}},"fnMap":{"0":{"name":"(anonymous_0)","decl":{"start":{"line":10,"column":2},"end":{"line":10,"column":3}},"loc":{"start":{"line":10,"column":24},"end":{"line":104,"column":3}},"line":10},"1":{"name":"(anonymous_1)","decl":{"start":{"line":85,"column":24},"end":{"line":85,"column":25}},"loc":{"start":{"line":86,"column":12},"end":{"line":89,"column":14}},"line":86},"2":{"name":"(anonymous_2)","decl":{"start":{"line":109,"column":2},"end":{"line":109,"column":3}},"loc":{"start":{"line":109,"column":25},"end":{"line":117,"column":3}},"line":109},"3":{"name":"(anonymous_3)","decl":{"start":{"line":122,"column":2},"end":{"line":122,"column":3}},"loc":{"start":{"line":122,"column":35},"end":{"line":141,"column":3}},"line":122},"4":{"name":"(anonymous_4)","decl":{"start":{"line":146,"column":2},"end":{"line":146,"column":3}},"loc":{"start":{"line":146,"column":28},"end":{"line":169,"column":3}},"line":146},"5":{"name":"(anonymous_5)","decl":{"start":{"line":174,"column":2},"end":{"line":174,"column":3}},"loc":{"start":{"line":174,"column":34},"end":{"line":197,"column":3}},"line":174},"6":{"name":"(anonymous_6)","decl":{"start":{"line":202,"column":2},"end":{"line":202,"column":3}},"loc":{"start":{"line":202,"column":38},"end":{"line":227,"column":3}},"line":202},"7":{"name":"(anonymous_7)","decl":{"start":{"line":232,"column":2},"end":{"line":232,"column":3}},"loc":{"start":{"line":232,"column":43},"end":{"line":243,"column":3}},"line":232},"8":{"name":"(anonymous_8)","decl":{"start":{"line":248,"column":2},"end":{"line":248,"column":3}},"loc":{"start":{"line":248,"column":39},"end":{"line":258,"column":3}},"line":248},"9":{"name":"(anonymous_9)","decl":{"start":{"line":263,"column":2},"end":{"line":263,"column":3}},"loc":{"start":{"line":263,"column":37},"end":{"line":293,"column":3}},"line":263},"10":{"name":"(anonymous_10)","decl":{"start":{"line":298,"column":2},"end":{"line":298,"column":3}},"loc":{"start":{"line":298,"column":39},"end":{"line":308,"column":3}},"line":298},"11":{"name":"(anonymous_11)","decl":{"start":{"line":313,"column":2},"end":{"line":313,"column":3}},"loc":{"start":{"line":313,"column":49},"end":{"line":327,"column":3}},"line":313}},"branchMap":{"0":{"loc":{"start":{"line":15,"column":6},"end":{"line":25,"column":7}},"type":"if","locations":[{"start":{"line":15,"column":6},"end":{"line":25,"column":7}},{"start":{},"end":{}}],"line":15},"1":{"loc":{"start":{"line":16,"column":8},"end":{"line":18,"column":31}},"type":"binary-expr","locations":[{"start":{"line":16,"column":8},"end":{"line":16,"column":18}},{"start":{"line":17,"column":8},"end":{"line":17,"column":37}},{"start":{"line":18,"column":8},"end":{"line":18,"column":31}}],"line":16},"2":{"loc":{"start":{"line":26,"column":6},"end":{"line":32,"column":7}},"type":"if","locations":[{"start":{"line":26,"column":6},"end":{"line":32,"column":7}},{"start":{},"end":{}}],"line":26},"3":{"loc":{"start":{"line":26,"column":10},"end":{"line":26,"column":42}},"type":"binary-expr","locations":[{"start":{"line":26,"column":10},"end":{"line":26,"column":17}},{"start":{"line":26,"column":21},"end":{"line":26,"column":42}}],"line":26},"4":{"loc":{"start":{"line":33,"column":6},"end":{"line":37,"column":7}},"type":"if","locations":[{"start":{"line":33,"column":6},"end":{"line":37,"column":7}},{"start":{},"end":{}}],"line":33},"5":{"loc":{"start":{"line":33,"column":10},"end":{"line":33,"column":60}},"type":"binary-expr","locations":[{"start":{"line":33,"column":10},"end":{"line":33,"column":23}},{"start":{"line":33,"column":27},"end":{"line":33,"column":60}}],"line":33},"6":{"loc":{"start":{"line":57,"column":6},"end":{"line":68,"column":7}},"type":"if","locations":[{"start":{"line":57,"column":6},"end":{"line":68,"column":7}},{"start":{},"end":{}}],"line":57},"7":{"loc":{"start":{"line":58,"column":8},"end":{"line":63,"column":21}},"type":"binary-expr","locations":[{"start":{"line":58,"column":8},"end":{"line":58,"column":21}},{"start":{"line":59,"column":8},"end":{"line":59,"column":24}},{"start":{"line":60,"column":8},"end":{"line":60,"column":24}},{"start":{"line":61,"column":8},"end":{"line":61,"column":24}},{"start":{"line":62,"column":8},"end":{"line":62,"column":24}},{"start":{"line":63,"column":8},"end":{"line":63,"column":21}}],"line":58},"8":{"loc":{"start":{"line":83,"column":6},"end":{"line":93,"column":7}},"type":"if","locations":[{"start":{"line":83,"column":6},"end":{"line":93,"column":7}},{"start":{},"end":{}}],"line":83},"9":{"loc":{"start":{"line":83,"column":10},"end":{"line":83,"column":43}},"type":"binary-expr","locations":[{"start":{"line":83,"column":10},"end":{"line":83,"column":19}},{"start":{"line":83,"column":23},"end":{"line":83,"column":43}}],"line":83},"10":{"loc":{"start":{"line":126,"column":4},"end":{"line":128,"column":5}},"type":"if","locations":[{"start":{"line":126,"column":4},"end":{"line":128,"column":5}},{"start":{},"end":{}}],"line":126},"11":{"loc":{"start":{"line":126,"column":8},"end":{"line":126,"column":40}},"type":"binary-expr","locations":[{"start":{"line":126,"column":8},"end":{"line":126,"column":15}},{"start":{"line":126,"column":19},"end":{"line":126,"column":40}}],"line":126},"12":{"loc":{"start":{"line":151,"column":4},"end":{"line":153,"column":5}},"type":"if","locations":[{"start":{"line":151,"column":4},"end":{"line":153,"column":5}},{"start":{},"end":{}}],"line":151},"13":{"loc":{"start":{"line":151,"column":8},"end":{"line":151,"column":32}},"type":"binary-expr","locations":[{"start":{"line":151,"column":8},"end":{"line":151,"column":11}},{"start":{"line":151,"column":15},"end":{"line":151,"column":32}}],"line":151},"14":{"loc":{"start":{"line":179,"column":4},"end":{"line":183,"column":5}},"type":"if","locations":[{"start":{"line":179,"column":4},"end":{"line":183,"column":5}},{"start":{},"end":{}}],"line":179},"15":{"loc":{"start":{"line":179,"column":8},"end":{"line":179,"column":73}},"type":"binary-expr","locations":[{"start":{"line":179,"column":8},"end":{"line":179,"column":11}},{"start":{"line":179,"column":15},"end":{"line":179,"column":32}},{"start":{"line":179,"column":36},"end":{"line":179,"column":43}},{"start":{"line":179,"column":47},"end":{"line":179,"column":73}}],"line":179},"16":{"loc":{"start":{"line":206,"column":4},"end":{"line":208,"column":5}},"type":"if","locations":[{"start":{"line":206,"column":4},"end":{"line":208,"column":5}},{"start":{},"end":{}}],"line":206},"17":{"loc":{"start":{"line":206,"column":8},"end":{"line":206,"column":32}},"type":"binary-expr","locations":[{"start":{"line":206,"column":8},"end":{"line":206,"column":11}},{"start":{"line":206,"column":15},"end":{"line":206,"column":32}}],"line":206},"18":{"loc":{"start":{"line":212,"column":6},"end":{"line":214,"column":7}},"type":"if","locations":[{"start":{"line":212,"column":6},"end":{"line":214,"column":7}},{"start":{},"end":{}}],"line":212},"19":{"loc":{"start":{"line":218,"column":6},"end":{"line":220,"column":7}},"type":"if","locations":[{"start":{"line":218,"column":6},"end":{"line":220,"column":7}},{"start":{},"end":{}}],"line":218},"20":{"loc":{"start":{"line":218,"column":10},"end":{"line":218,"column":76}},"type":"binary-expr","locations":[{"start":{"line":218,"column":10},"end":{"line":218,"column":38}},{"start":{"line":218,"column":42},"end":{"line":218,"column":76}}],"line":218},"21":{"loc":{"start":{"line":268,"column":4},"end":{"line":270,"column":5}},"type":"if","locations":[{"start":{"line":268,"column":4},"end":{"line":270,"column":5}},{"start":{},"end":{}}],"line":268},"22":{"loc":{"start":{"line":268,"column":8},"end":{"line":268,"column":32}},"type":"binary-expr","locations":[{"start":{"line":268,"column":8},"end":{"line":268,"column":11}},{"start":{"line":268,"column":15},"end":{"line":268,"column":32}}],"line":268},"23":{"loc":{"start":{"line":271,"column":4},"end":{"line":275,"column":5}},"type":"if","locations":[{"start":{"line":271,"column":4},"end":{"line":275,"column":5}},{"start":{},"end":{}}],"line":271},"24":{"loc":{"start":{"line":271,"column":8},"end":{"line":271,"column":69}},"type":"binary-expr","locations":[{"start":{"line":271,"column":8},"end":{"line":271,"column":33}},{"start":{"line":271,"column":37},"end":{"line":271,"column":69}}],"line":271},"25":{"loc":{"start":{"line":281,"column":8},"end":{"line":281,"column":33}},"type":"binary-expr","locations":[{"start":{"line":281,"column":8},"end":{"line":281,"column":25}},{"start":{"line":281,"column":29},"end":{"line":281,"column":33}}],"line":281}},"s":{"0":1,"1":1,"2":1,"3":1,"4":0,"5":0,"6":0,"7":0,"8":0,"9":0,"10":0,"11":0,"12":0,"13":0,"14":0,"15":0,"16":0,"17":0,"18":0,"19":0,"20":0,"21":0,"22":0,"23":0,"24":0,"25":0,"26":0,"27":0,"28":3,"29":3,"30":3,"31":0,"32":0,"33":4,"34":4,"35":1,"36":3,"37":3,"38":3,"39":0,"40":0,"41":0,"42":0,"43":0,"44":0,"45":0,"46":0,"47":0,"48":0,"49":0,"50":1,"51":1,"52":1,"53":0,"54":1,"55":1,"56":0,"57":1,"58":1,"59":3,"60":3,"61":1,"62":2,"63":2,"64":2,"65":0,"66":2,"67":2,"68":0,"69":0,"70":0,"71":0,"72":0,"73":0,"74":0,"75":0,"76":0,"77":0,"78":0,"79":0,"80":0,"81":0,"82":0,"83":0,"84":0,"85":0,"86":0,"87":0,"88":0,"89":0,"90":0,"91":0,"92":0,"93":0,"94":0,"95":0,"96":0,"97":0,"98":0,"99":0,"100":0,"101":0,"102":1},"f":{"0":0,"1":0,"2":3,"3":4,"4":0,"5":1,"6":3,"7":0,"8":0,"9":0,"10":0,"11":0},"b":{"0":[0,0],"1":[0,0,0],"2":[0,0],"3":[0,0],"4":[0,0],"5":[0,0],"6":[0,0],"7":[0,0,0,0,0,0],"8":[0,0],"9":[0,0],"10":[1,3],"11":[4,4],"12":[0,0],"13":[0,0],"14":[0,1],"15":[1,1,1,1],"16":[1,2],"17":[3,3],"18":[0,2],"19":[2,0],"20":[2,2],"21":[0,0],"22":[0,0],"23":[0,0],"24":[0,0],"25":[0,0]},"_coverageSchema":"1a1c01bbd47fc00a2c39e90264f33305004495a9","hash":"5c0705097b8a47df3ac85616c212e1e8d4dc70fe"}
,"/home/eduardo/grupo-05/api/src/controller/EnderecoController.js": {"path":"/home/eduardo/grupo-05/api/src/controller/EnderecoController.js","statementMap":{"0":{"start":{"line":1,"column":24},"end":{"line":1,"column":62}},"1":{"start":{"line":6,"column":91},"end":{"line":6,"column":99}},"2":{"start":{"line":7,"column":4},"end":{"line":25,"column":5}},"3":{"start":{"line":9,"column":29},"end":{"line":19,"column":8}},"4":{"start":{"line":21,"column":6},"end":{"line":21,"column":50}},"5":{"start":{"line":23,"column":6},"end":{"line":23,"column":54}},"6":{"start":{"line":24,"column":6},"end":{"line":24,"column":72}},"7":{"start":{"line":30,"column":19},"end":{"line":30,"column":29}},"8":{"start":{"line":31,"column":4},"end":{"line":42,"column":5}},"9":{"start":{"line":33,"column":23},"end":{"line":33,"column":79}},"10":{"start":{"line":34,"column":6},"end":{"line":36,"column":7}},"11":{"start":{"line":35,"column":8},"end":{"line":35,"column":75}},"12":{"start":{"line":38,"column":6},"end":{"line":38,"column":44}},"13":{"start":{"line":40,"column":6},"end":{"line":40,"column":58}},"14":{"start":{"line":41,"column":6},"end":{"line":41,"column":76}},"15":{"start":{"line":46,"column":0},"end":{"line":46,"column":42}}},"fnMap":{"0":{"name":"(anonymous_0)","decl":{"start":{"line":5,"column":2},"end":{"line":5,"column":3}},"loc":{"start":{"line":5,"column":32},"end":{"line":26,"column":3}},"line":5},"1":{"name":"(anonymous_1)","decl":{"start":{"line":29,"column":2},"end":{"line":29,"column":3}},"loc":{"start":{"line":29,"column":41},"end":{"line":43,"column":3}},"line":29}},"branchMap":{"0":{"loc":{"start":{"line":34,"column":6},"end":{"line":36,"column":7}},"type":"if","locations":[{"start":{"line":34,"column":6},"end":{"line":36,"column":7}},{"start":{},"end":{}}],"line":34}},"s":{"0":1,"1":0,"2":0,"3":0,"4":0,"5":0,"6":0,"7":0,"8":0,"9":0,"10":0,"11":0,"12":0,"13":0,"14":0,"15":1},"f":{"0":0,"1":0},"b":{"0":[0,0]},"_coverageSchema":"1a1c01bbd47fc00a2c39e90264f33305004495a9","hash":"2f69a5f9f594c266eddfd4429e423df60df0815b"}
,"/home/eduardo/grupo-05/api/src/controller/UserController.js": {"path":"/home/eduardo/grupo-05/api/src/controller/UserController.js","statementMap":{"0":{"start":{"line":1,"column":20},"end":{"line":1,"column":54}},"1":{"start":{"line":2,"column":12},"end":{"line":2,"column":35}},"2":{"start":{"line":9,"column":59},"end":{"line":9,"column":67}},"3":{"start":{"line":12,"column":4},"end":{"line":14,"column":5}},"4":{"start":{"line":13,"column":6},"end":{"line":13,"column":87}},"5":{"start":{"line":16,"column":4},"end":{"line":22,"column":5}},"6":{"start":{"line":17,"column":28},"end":{"line":17,"column":106}},"7":{"start":{"line":18,"column":6},"end":{"line":18,"column":49}},"8":{"start":{"line":20,"column":6},"end":{"line":20,"column":61}},"9":{"start":{"line":21,"column":6},"end":{"line":21,"column":88}},"10":{"start":{"line":29,"column":32},"end":{"line":29,"column":40}},"11":{"start":{"line":32,"column":4},"end":{"line":34,"column":5}},"12":{"start":{"line":33,"column":6},"end":{"line":33,"column":81}},"13":{"start":{"line":36,"column":4},"end":{"line":63,"column":5}},"14":{"start":{"line":37,"column":22},"end":{"line":37,"column":71}},"15":{"start":{"line":38,"column":6},"end":{"line":40,"column":7}},"16":{"start":{"line":39,"column":8},"end":{"line":39,"column":74}},"17":{"start":{"line":42,"column":26},"end":{"line":42,"column":86}},"18":{"start":{"line":43,"column":6},"end":{"line":45,"column":7}},"19":{"start":{"line":44,"column":8},"end":{"line":44,"column":67}},"20":{"start":{"line":48,"column":20},"end":{"line":52,"column":7}},"21":{"start":{"line":54,"column":6},"end":{"line":59,"column":9}},"22":{"start":{"line":61,"column":6},"end":{"line":61,"column":59}},"23":{"start":{"line":62,"column":6},"end":{"line":62,"column":86}},"24":{"start":{"line":70,"column":4},"end":{"line":76,"column":5}},"25":{"start":{"line":71,"column":23},"end":{"line":71,"column":54}},"26":{"start":{"line":72,"column":6},"end":{"line":72,"column":44}},"27":{"start":{"line":74,"column":6},"end":{"line":74,"column":63}},"28":{"start":{"line":75,"column":6},"end":{"line":75,"column":73}},"29":{"start":{"line":83,"column":19},"end":{"line":83,"column":29}},"30":{"start":{"line":86,"column":4},"end":{"line":88,"column":5}},"31":{"start":{"line":87,"column":6},"end":{"line":87,"column":61}},"32":{"start":{"line":90,"column":4},"end":{"line":99,"column":5}},"33":{"start":{"line":91,"column":22},"end":{"line":91,"column":63}},"34":{"start":{"line":92,"column":6},"end":{"line":94,"column":7}},"35":{"start":{"line":93,"column":8},"end":{"line":93,"column":74}},"36":{"start":{"line":95,"column":6},"end":{"line":95,"column":43}},"37":{"start":{"line":97,"column":6},"end":{"line":97,"column":69}},"38":{"start":{"line":98,"column":6},"end":{"line":98,"column":72}},"39":{"start":{"line":106,"column":19},"end":{"line":106,"column":29}},"40":{"start":{"line":107,"column":21},"end":{"line":107,"column":29}},"41":{"start":{"line":110,"column":4},"end":{"line":112,"column":5}},"42":{"start":{"line":111,"column":6},"end":{"line":111,"column":61}},"43":{"start":{"line":114,"column":4},"end":{"line":120,"column":5}},"44":{"start":{"line":115,"column":26},"end":{"line":115,"column":82}},"45":{"start":{"line":116,"column":6},"end":{"line":116,"column":47}},"46":{"start":{"line":118,"column":6},"end":{"line":118,"column":65}},"47":{"start":{"line":119,"column":6},"end":{"line":119,"column":92}},"48":{"start":{"line":124,"column":0},"end":{"line":124,"column":38}}},"fnMap":{"0":{"name":"(anonymous_0)","decl":{"start":{"line":8,"column":2},"end":{"line":8,"column":3}},"loc":{"start":{"line":8,"column":28},"end":{"line":23,"column":3}},"line":8},"1":{"name":"(anonymous_1)","decl":{"start":{"line":28,"column":2},"end":{"line":28,"column":3}},"loc":{"start":{"line":28,"column":24},"end":{"line":64,"column":3}},"line":28},"2":{"name":"(anonymous_2)","decl":{"start":{"line":69,"column":2},"end":{"line":69,"column":3}},"loc":{"start":{"line":69,"column":38},"end":{"line":77,"column":3}},"line":69},"3":{"name":"(anonymous_3)","decl":{"start":{"line":82,"column":2},"end":{"line":82,"column":3}},"loc":{"start":{"line":82,"column":37},"end":{"line":100,"column":3}},"line":82},"4":{"name":"(anonymous_4)","decl":{"start":{"line":105,"column":2},"end":{"line":105,"column":3}},"loc":{"start":{"line":105,"column":35},"end":{"line":121,"column":3}},"line":105}},"branchMap":{"0":{"loc":{"start":{"line":12,"column":4},"end":{"line":14,"column":5}},"type":"if","locations":[{"start":{"line":12,"column":4},"end":{"line":14,"column":5}},{"start":{},"end":{}}],"line":12},"1":{"loc":{"start":{"line":12,"column":8},"end":{"line":12,"column":36}},"type":"binary-expr","locations":[{"start":{"line":12,"column":8},"end":{"line":12,"column":13}},{"start":{"line":12,"column":17},"end":{"line":12,"column":23}},{"start":{"line":12,"column":27},"end":{"line":12,"column":36}}],"line":12},"2":{"loc":{"start":{"line":21,"column":43},"end":{"line":21,"column":84}},"type":"binary-expr","locations":[{"start":{"line":21,"column":43},"end":{"line":21,"column":56}},{"start":{"line":21,"column":60},"end":{"line":21,"column":84}}],"line":21},"3":{"loc":{"start":{"line":32,"column":4},"end":{"line":34,"column":5}},"type":"if","locations":[{"start":{"line":32,"column":4},"end":{"line":34,"column":5}},{"start":{},"end":{}}],"line":32},"4":{"loc":{"start":{"line":32,"column":8},"end":{"line":32,"column":27}},"type":"binary-expr","locations":[{"start":{"line":32,"column":8},"end":{"line":32,"column":14}},{"start":{"line":32,"column":18},"end":{"line":32,"column":27}}],"line":32},"5":{"loc":{"start":{"line":38,"column":6},"end":{"line":40,"column":7}},"type":"if","locations":[{"start":{"line":38,"column":6},"end":{"line":40,"column":7}},{"start":{},"end":{}}],"line":38},"6":{"loc":{"start":{"line":43,"column":6},"end":{"line":45,"column":7}},"type":"if","locations":[{"start":{"line":43,"column":6},"end":{"line":45,"column":7}},{"start":{},"end":{}}],"line":43},"7":{"loc":{"start":{"line":62,"column":43},"end":{"line":62,"column":82}},"type":"binary-expr","locations":[{"start":{"line":62,"column":43},"end":{"line":62,"column":56}},{"start":{"line":62,"column":60},"end":{"line":62,"column":82}}],"line":62},"8":{"loc":{"start":{"line":86,"column":4},"end":{"line":88,"column":5}},"type":"if","locations":[{"start":{"line":86,"column":4},"end":{"line":88,"column":5}},{"start":{},"end":{}}],"line":86},"9":{"loc":{"start":{"line":86,"column":8},"end":{"line":86,"column":32}},"type":"binary-expr","locations":[{"start":{"line":86,"column":8},"end":{"line":86,"column":11}},{"start":{"line":86,"column":15},"end":{"line":86,"column":32}}],"line":86},"10":{"loc":{"start":{"line":92,"column":6},"end":{"line":94,"column":7}},"type":"if","locations":[{"start":{"line":92,"column":6},"end":{"line":94,"column":7}},{"start":{},"end":{}}],"line":92},"11":{"loc":{"start":{"line":110,"column":4},"end":{"line":112,"column":5}},"type":"if","locations":[{"start":{"line":110,"column":4},"end":{"line":112,"column":5}},{"start":{},"end":{}}],"line":110},"12":{"loc":{"start":{"line":110,"column":8},"end":{"line":110,"column":32}},"type":"binary-expr","locations":[{"start":{"line":110,"column":8},"end":{"line":110,"column":11}},{"start":{"line":110,"column":15},"end":{"line":110,"column":32}}],"line":110},"13":{"loc":{"start":{"line":119,"column":43},"end":{"line":119,"column":88}},"type":"binary-expr","locations":[{"start":{"line":119,"column":43},"end":{"line":119,"column":56}},{"start":{"line":119,"column":60},"end":{"line":119,"column":88}}],"line":119}},"s":{"0":1,"1":1,"2":0,"3":0,"4":0,"5":0,"6":0,"7":0,"8":0,"9":0,"10":0,"11":0,"12":0,"13":0,"14":0,"15":0,"16":0,"17":0,"18":0,"19":0,"20":0,"21":0,"22":0,"23":0,"24":0,"25":0,"26":0,"27":0,"28":0,"29":0,"30":0,"31":0,"32":0,"33":0,"34":0,"35":0,"36":0,"37":0,"38":0,"39":0,"40":0,"41":0,"42":0,"43":0,"44":0,"45":0,"46":0,"47":0,"48":1},"f":{"0":0,"1":0,"2":0,"3":0,"4":0},"b":{"0":[0,0],"1":[0,0,0],"2":[0,0],"3":[0,0],"4":[0,0],"5":[0,0],"6":[0,0],"7":[0,0],"8":[0,0],"9":[0,0],"10":[0,0],"11":[0,0],"12":[0,0],"13":[0,0]},"_coverageSchema":"1a1c01bbd47fc00a2c39e90264f33305004495a9","hash":"72f3e15a43ea91cf22d6e0846389213811f2bf4b"}
,"/home/eduardo/grupo-05/api/src/middleware/authMiddleware.js": {"path":"/home/eduardo/grupo-05/api/src/middleware/authMiddleware.js","statementMap":{"0":{"start":{"line":1,"column":12},"end":{"line":1,"column":35}},"1":{"start":{"line":4,"column":16},"end":{"line":4,"column":56}},"2":{"start":{"line":5,"column":2},"end":{"line":9,"column":3}},"3":{"start":{"line":6,"column":4},"end":{"line":8,"column":62}},"4":{"start":{"line":11,"column":2},"end":{"line":17,"column":3}},"5":{"start":{"line":12,"column":21},"end":{"line":12,"column":62}},"6":{"start":{"line":13,"column":4},"end":{"line":13,"column":24}},"7":{"start":{"line":14,"column":4},"end":{"line":14,"column":11}},"8":{"start":{"line":16,"column":4},"end":{"line":16,"column":74}},"9":{"start":{"line":21,"column":2},"end":{"line":28,"column":4}},"10":{"start":{"line":22,"column":4},"end":{"line":26,"column":5}},"11":{"start":{"line":23,"column":6},"end":{"line":25,"column":69}},"12":{"start":{"line":27,"column":4},"end":{"line":27,"column":11}},"13":{"start":{"line":31,"column":0},"end":{"line":31,"column":52}}},"fnMap":{"0":{"name":"authMiddleware","decl":{"start":{"line":3,"column":9},"end":{"line":3,"column":23}},"loc":{"start":{"line":3,"column":40},"end":{"line":18,"column":1}},"line":3},"1":{"name":"roleMiddleware","decl":{"start":{"line":20,"column":9},"end":{"line":20,"column":23}},"loc":{"start":{"line":20,"column":30},"end":{"line":29,"column":1}},"line":20},"2":{"name":"(anonymous_2)","decl":{"start":{"line":21,"column":9},"end":{"line":21,"column":10}},"loc":{"start":{"line":21,"column":29},"end":{"line":28,"column":3}},"line":21}},"branchMap":{"0":{"loc":{"start":{"line":5,"column":2},"end":{"line":9,"column":3}},"type":"if","locations":[{"start":{"line":5,"column":2},"end":{"line":9,"column":3}},{"start":{},"end":{}}],"line":5},"1":{"loc":{"start":{"line":22,"column":4},"end":{"line":26,"column":5}},"type":"if","locations":[{"start":{"line":22,"column":4},"end":{"line":26,"column":5}},{"start":{},"end":{}}],"line":22}},"s":{"0":1,"1":16,"2":16,"3":1,"4":15,"5":15,"6":15,"7":15,"8":0,"9":2,"10":0,"11":0,"12":0,"13":1},"f":{"0":16,"1":2,"2":0},"b":{"0":[1,15],"1":[0,0]},"_coverageSchema":"1a1c01bbd47fc00a2c39e90264f33305004495a9","hash":"37be59d89c62efe4a89e8c1e3b0992c622ce9c1f"}
,"/home/eduardo/grupo-05/api/src/middleware/upload.js": {"path":"/home/eduardo/grupo-05/api/src/middleware/upload.js","statementMap":{"0":{"start":{"line":1,"column":15},"end":{"line":1,"column":32}},"1":{"start":{"line":4,"column":16},"end":{"line":4,"column":38}},"2":{"start":{"line":6,"column":15},"end":{"line":11,"column":2}},"3":{"start":{"line":13,"column":0},"end":{"line":13,"column":24}}},"fnMap":{},"branchMap":{},"s":{"0":1,"1":1,"2":1,"3":1},"f":{},"b":{},"_coverageSchema":"1a1c01bbd47fc00a2c39e90264f33305004495a9","hash":"4e62903bd8d979c0bb165a20120bb774ac412272"}
,"/home/eduardo/grupo-05/api/src/model/Denuncia.js": {"path":"/home/eduardo/grupo-05/api/src/model/Denuncia.js","statementMap":{"0":{"start":{"line":24,"column":4},"end":{"line":24,"column":18}},"1":{"start":{"line":25,"column":4},"end":{"line":25,"column":32}},"2":{"start":{"line":26,"column":4},"end":{"line":26,"column":40}},"3":{"start":{"line":27,"column":4},"end":{"line":27,"column":46}},"4":{"start":{"line":28,"column":4},"end":{"line":28,"column":26}},"5":{"start":{"line":29,"column":4},"end":{"line":29,"column":36}},"6":{"start":{"line":30,"column":4},"end":{"line":30,"column":48}},"7":{"start":{"line":31,"column":4},"end":{"line":31,"column":26}},"8":{"start":{"line":32,"column":4},"end":{"line":32,"column":34}},"9":{"start":{"line":36,"column":4},"end":{"line":36,"column":20}},"10":{"start":{"line":41,"column":4},"end":{"line":41,"column":27}},"11":{"start":{"line":45,"column":4},"end":{"line":45,"column":31}},"12":{"start":{"line":49,"column":4},"end":{"line":49,"column":34}},"13":{"start":{"line":53,"column":4},"end":{"line":53,"column":24}},"14":{"start":{"line":57,"column":4},"end":{"line":57,"column":29}},"15":{"start":{"line":61,"column":4},"end":{"line":61,"column":35}},"16":{"start":{"line":65,"column":4},"end":{"line":65,"column":24}},"17":{"start":{"line":69,"column":4},"end":{"line":69,"column":28}},"18":{"start":{"line":74,"column":4},"end":{"line":74,"column":60}},"19":{"start":{"line":74,"column":16},"end":{"line":74,"column":60}},"20":{"start":{"line":75,"column":4},"end":{"line":75,"column":28}},"21":{"start":{"line":79,"column":4},"end":{"line":79,"column":68}},"22":{"start":{"line":79,"column":16},"end":{"line":79,"column":68}},"23":{"start":{"line":80,"column":4},"end":{"line":80,"column":32}},"24":{"start":{"line":84,"column":26},"end":{"line":84,"column":76}},"25":{"start":{"line":85,"column":4},"end":{"line":85,"column":76}},"26":{"start":{"line":85,"column":40},"end":{"line":85,"column":76}},"27":{"start":{"line":86,"column":4},"end":{"line":86,"column":25}},"28":{"start":{"line":90,"column":4},"end":{"line":90,"column":36}},"29":{"start":{"line":95,"column":4},"end":{"line":97,"column":5}},"30":{"start":{"line":96,"column":6},"end":{"line":96,"column":68}},"31":{"start":{"line":102,"column":4},"end":{"line":108,"column":7}},"32":{"start":{"line":112,"column":4},"end":{"line":122,"column":7}},"33":{"start":{"line":127,"column":4},"end":{"line":137,"column":6}},"34":{"start":{"line":142,"column":0},"end":{"line":142,"column":26}}},"fnMap":{"0":{"name":"(anonymous_0)","decl":{"start":{"line":13,"column":2},"end":{"line":13,"column":3}},"loc":{"start":{"line":23,"column":5},"end":{"line":33,"column":3}},"line":23},"1":{"name":"(anonymous_1)","decl":{"start":{"line":35,"column":2},"end":{"line":35,"column":3}},"loc":{"start":{"line":35,"column":11},"end":{"line":37,"column":3}},"line":35},"2":{"name":"(anonymous_2)","decl":{"start":{"line":40,"column":2},"end":{"line":40,"column":3}},"loc":{"start":{"line":40,"column":18},"end":{"line":42,"column":3}},"line":40},"3":{"name":"(anonymous_3)","decl":{"start":{"line":44,"column":2},"end":{"line":44,"column":3}},"loc":{"start":{"line":44,"column":22},"end":{"line":46,"column":3}},"line":44},"4":{"name":"(anonymous_4)","decl":{"start":{"line":48,"column":2},"end":{"line":48,"column":3}},"loc":{"start":{"line":48,"column":25},"end":{"line":50,"column":3}},"line":48},"5":{"name":"(anonymous_5)","decl":{"start":{"line":52,"column":2},"end":{"line":52,"column":3}},"loc":{"start":{"line":52,"column":15},"end":{"line":54,"column":3}},"line":52},"6":{"name":"(anonymous_6)","decl":{"start":{"line":56,"column":2},"end":{"line":56,"column":3}},"loc":{"start":{"line":56,"column":20},"end":{"line":58,"column":3}},"line":56},"7":{"name":"(anonymous_7)","decl":{"start":{"line":60,"column":2},"end":{"line":60,"column":3}},"loc":{"start":{"line":60,"column":26},"end":{"line":62,"column":3}},"line":60},"8":{"name":"(anonymous_8)","decl":{"start":{"line":64,"column":2},"end":{"line":64,"column":3}},"loc":{"start":{"line":64,"column":15},"end":{"line":66,"column":3}},"line":64},"9":{"name":"(anonymous_9)","decl":{"start":{"line":68,"column":2},"end":{"line":68,"column":3}},"loc":{"start":{"line":68,"column":19},"end":{"line":70,"column":3}},"line":68},"10":{"name":"(anonymous_10)","decl":{"start":{"line":73,"column":2},"end":{"line":73,"column":3}},"loc":{"start":{"line":73,"column":23},"end":{"line":76,"column":3}},"line":73},"11":{"name":"(anonymous_11)","decl":{"start":{"line":78,"column":2},"end":{"line":78,"column":3}},"loc":{"start":{"line":78,"column":27},"end":{"line":81,"column":3}},"line":78},"12":{"name":"(anonymous_12)","decl":{"start":{"line":83,"column":2},"end":{"line":83,"column":3}},"loc":{"start":{"line":83,"column":20},"end":{"line":87,"column":3}},"line":83},"13":{"name":"(anonymous_13)","decl":{"start":{"line":89,"column":2},"end":{"line":89,"column":3}},"loc":{"start":{"line":89,"column":31},"end":{"line":91,"column":3}},"line":89},"14":{"name":"(anonymous_14)","decl":{"start":{"line":94,"column":2},"end":{"line":94,"column":3}},"loc":{"start":{"line":94,"column":17},"end":{"line":98,"column":3}},"line":94},"15":{"name":"(anonymous_15)","decl":{"start":{"line":101,"column":2},"end":{"line":101,"column":3}},"loc":{"start":{"line":101,"column":31},"end":{"line":109,"column":3}},"line":101},"16":{"name":"(anonymous_16)","decl":{"start":{"line":111,"column":2},"end":{"line":111,"column":3}},"loc":{"start":{"line":111,"column":36},"end":{"line":123,"column":3}},"line":111},"17":{"name":"(anonymous_17)","decl":{"start":{"line":126,"column":2},"end":{"line":126,"column":3}},"loc":{"start":{"line":126,"column":11},"end":{"line":138,"column":3}},"line":126}},"branchMap":{"0":{"loc":{"start":{"line":17,"column":4},"end":{"line":17,"column":33}},"type":"default-arg","locations":[{"start":{"line":17,"column":23},"end":{"line":17,"column":33}}],"line":17},"1":{"loc":{"start":{"line":19,"column":4},"end":{"line":19,"column":22}},"type":"default-arg","locations":[{"start":{"line":19,"column":18},"end":{"line":19,"column":22}}],"line":19},"2":{"loc":{"start":{"line":20,"column":4},"end":{"line":20,"column":28}},"type":"default-arg","locations":[{"start":{"line":20,"column":24},"end":{"line":20,"column":28}}],"line":20},"3":{"loc":{"start":{"line":74,"column":4},"end":{"line":74,"column":60}},"type":"if","locations":[{"start":{"line":74,"column":4},"end":{"line":74,"column":60}},{"start":{},"end":{}}],"line":74},"4":{"loc":{"start":{"line":79,"column":4},"end":{"line":79,"column":68}},"type":"if","locations":[{"start":{"line":79,"column":4},"end":{"line":79,"column":68}},{"start":{},"end":{}}],"line":79},"5":{"loc":{"start":{"line":85,"column":4},"end":{"line":85,"column":76}},"type":"if","locations":[{"start":{"line":85,"column":4},"end":{"line":85,"column":76}},{"start":{},"end":{}}],"line":85},"6":{"loc":{"start":{"line":95,"column":4},"end":{"line":97,"column":5}},"type":"if","locations":[{"start":{"line":95,"column":4},"end":{"line":97,"column":5}},{"start":{},"end":{}}],"line":95},"7":{"loc":{"start":{"line":95,"column":8},"end":{"line":95,"column":86}},"type":"binary-expr","locations":[{"start":{"line":95,"column":8},"end":{"line":95,"column":24}},{"start":{"line":95,"column":28},"end":{"line":95,"column":48}},{"start":{"line":95,"column":52},"end":{"line":95,"column":65}},{"start":{"line":95,"column":69},"end":{"line":95,"column":86}}],"line":95}},"s":{"0":0,"1":0,"2":0,"3":0,"4":0,"5":0,"6":0,"7":0,"8":0,"9":0,"10":0,"11":0,"12":0,"13":0,"14":0,"15":0,"16":0,"17":0,"18":0,"19":0,"20":0,"21":0,"22":0,"23":0,"24":0,"25":0,"26":0,"27":0,"28":0,"29":0,"30":0,"31":0,"32":0,"33":0,"34":2},"f":{"0":0,"1":0,"2":0,"3":0,"4":0,"5":0,"6":0,"7":0,"8":0,"9":0,"10":0,"11":0,"12":0,"13":0,"14":0,"15":0,"16":0,"17":0},"b":{"0":[0],"1":[0],"2":[0],"3":[0,0],"4":[0,0],"5":[0,0],"6":[0,0],"7":[0,0,0,0]},"_coverageSchema":"1a1c01bbd47fc00a2c39e90264f33305004495a9","hash":"a442f07aef37d9d07094f7727c746808185b9bcb"}
,"/home/eduardo/grupo-05/api/src/model/User.js": {"path":"/home/eduardo/grupo-05/api/src/model/User.js","statementMap":{"0":{"start":{"line":15,"column":4},"end":{"line":15,"column":18}},"1":{"start":{"line":16,"column":4},"end":{"line":16,"column":22}},"2":{"start":{"line":17,"column":4},"end":{"line":17,"column":24}},"3":{"start":{"line":18,"column":4},"end":{"line":18,"column":20}},"4":{"start":{"line":19,"column":4},"end":{"line":19,"column":30}},"5":{"start":{"line":20,"column":4},"end":{"line":20,"column":30}},"6":{"start":{"line":21,"column":4},"end":{"line":21,"column":22}},"7":{"start":{"line":22,"column":4},"end":{"line":22,"column":26}},"8":{"start":{"line":23,"column":4},"end":{"line":23,"column":46}},"9":{"start":{"line":24,"column":4},"end":{"line":24,"column":46}},"10":{"start":{"line":29,"column":4},"end":{"line":29,"column":20}},"11":{"start":{"line":33,"column":4},"end":{"line":33,"column":22}},"12":{"start":{"line":37,"column":4},"end":{"line":37,"column":23}},"13":{"start":{"line":41,"column":4},"end":{"line":41,"column":23}},"14":{"start":{"line":45,"column":4},"end":{"line":45,"column":24}},"15":{"start":{"line":49,"column":4},"end":{"line":49,"column":21}},"16":{"start":{"line":53,"column":4},"end":{"line":53,"column":22}},"17":{"start":{"line":57,"column":4},"end":{"line":57,"column":26}},"18":{"start":{"line":61,"column":4},"end":{"line":61,"column":27}},"19":{"start":{"line":65,"column":4},"end":{"line":65,"column":26}},"20":{"start":{"line":69,"column":4},"end":{"line":69,"column":27}},"21":{"start":{"line":73,"column":4},"end":{"line":73,"column":22}},"22":{"start":{"line":77,"column":4},"end":{"line":77,"column":23}},"23":{"start":{"line":81,"column":4},"end":{"line":81,"column":24}},"24":{"start":{"line":85,"column":4},"end":{"line":85,"column":25}},"25":{"start":{"line":89,"column":4},"end":{"line":89,"column":27}},"26":{"start":{"line":93,"column":4},"end":{"line":93,"column":27}},"27":{"start":{"line":98,"column":4},"end":{"line":98,"column":33}},"28":{"start":{"line":103,"column":4},"end":{"line":114,"column":7}},"29":{"start":{"line":119,"column":4},"end":{"line":129,"column":6}},"30":{"start":{"line":133,"column":0},"end":{"line":133,"column":22}}},"fnMap":{"0":{"name":"(anonymous_0)","decl":{"start":{"line":14,"column":2},"end":{"line":14,"column":3}},"loc":{"start":{"line":14,"column":103},"end":{"line":25,"column":3}},"line":14},"1":{"name":"(anonymous_1)","decl":{"start":{"line":28,"column":2},"end":{"line":28,"column":3}},"loc":{"start":{"line":28,"column":11},"end":{"line":30,"column":3}},"line":28},"2":{"name":"(anonymous_2)","decl":{"start":{"line":32,"column":2},"end":{"line":32,"column":3}},"loc":{"start":{"line":32,"column":13},"end":{"line":34,"column":3}},"line":32},"3":{"name":"(anonymous_3)","decl":{"start":{"line":36,"column":2},"end":{"line":36,"column":3}},"loc":{"start":{"line":36,"column":18},"end":{"line":38,"column":3}},"line":36},"4":{"name":"(anonymous_4)","decl":{"start":{"line":40,"column":2},"end":{"line":40,"column":3}},"loc":{"start":{"line":40,"column":14},"end":{"line":42,"column":3}},"line":40},"5":{"name":"(anonymous_5)","decl":{"start":{"line":44,"column":2},"end":{"line":44,"column":3}},"loc":{"start":{"line":44,"column":19},"end":{"line":46,"column":3}},"line":44},"6":{"name":"(anonymous_6)","decl":{"start":{"line":48,"column":2},"end":{"line":48,"column":3}},"loc":{"start":{"line":48,"column":12},"end":{"line":50,"column":3}},"line":48},"7":{"name":"(anonymous_7)","decl":{"start":{"line":52,"column":2},"end":{"line":52,"column":3}},"loc":{"start":{"line":52,"column":17},"end":{"line":54,"column":3}},"line":52},"8":{"name":"(anonymous_8)","decl":{"start":{"line":56,"column":2},"end":{"line":56,"column":3}},"loc":{"start":{"line":56,"column":17},"end":{"line":58,"column":3}},"line":56},"9":{"name":"(anonymous_9)","decl":{"start":{"line":60,"column":2},"end":{"line":60,"column":3}},"loc":{"start":{"line":60,"column":22},"end":{"line":62,"column":3}},"line":60},"10":{"name":"(anonymous_10)","decl":{"start":{"line":64,"column":2},"end":{"line":64,"column":3}},"loc":{"start":{"line":64,"column":17},"end":{"line":66,"column":3}},"line":64},"11":{"name":"(anonymous_11)","decl":{"start":{"line":68,"column":2},"end":{"line":68,"column":3}},"loc":{"start":{"line":68,"column":22},"end":{"line":70,"column":3}},"line":68},"12":{"name":"(anonymous_12)","decl":{"start":{"line":72,"column":2},"end":{"line":72,"column":3}},"loc":{"start":{"line":72,"column":13},"end":{"line":74,"column":3}},"line":72},"13":{"name":"(anonymous_13)","decl":{"start":{"line":76,"column":2},"end":{"line":76,"column":3}},"loc":{"start":{"line":76,"column":18},"end":{"line":78,"column":3}},"line":76},"14":{"name":"(anonymous_14)","decl":{"start":{"line":80,"column":2},"end":{"line":80,"column":3}},"loc":{"start":{"line":80,"column":15},"end":{"line":82,"column":3}},"line":80},"15":{"name":"(anonymous_15)","decl":{"start":{"line":84,"column":2},"end":{"line":84,"column":3}},"loc":{"start":{"line":84,"column":20},"end":{"line":86,"column":3}},"line":84},"16":{"name":"(anonymous_16)","decl":{"start":{"line":88,"column":2},"end":{"line":88,"column":3}},"loc":{"start":{"line":88,"column":18},"end":{"line":90,"column":3}},"line":88},"17":{"name":"(anonymous_17)","decl":{"start":{"line":92,"column":2},"end":{"line":92,"column":3}},"loc":{"start":{"line":92,"column":18},"end":{"line":94,"column":3}},"line":92},"18":{"name":"(anonymous_18)","decl":{"start":{"line":97,"column":2},"end":{"line":97,"column":3}},"loc":{"start":{"line":97,"column":29},"end":{"line":99,"column":3}},"line":97},"19":{"name":"(anonymous_19)","decl":{"start":{"line":102,"column":2},"end":{"line":102,"column":3}},"loc":{"start":{"line":102,"column":32},"end":{"line":115,"column":3}},"line":102},"20":{"name":"(anonymous_20)","decl":{"start":{"line":118,"column":2},"end":{"line":118,"column":3}},"loc":{"start":{"line":118,"column":11},"end":{"line":130,"column":3}},"line":118}},"branchMap":{"0":{"loc":{"start":{"line":14,"column":64},"end":{"line":14,"column":77}},"type":"default-arg","locations":[{"start":{"line":14,"column":73},"end":{"line":14,"column":77}}],"line":14},"1":{"loc":{"start":{"line":23,"column":22},"end":{"line":23,"column":45}},"type":"binary-expr","locations":[{"start":{"line":23,"column":22},"end":{"line":23,"column":31}},{"start":{"line":23,"column":35},"end":{"line":23,"column":45}}],"line":23},"2":{"loc":{"start":{"line":24,"column":22},"end":{"line":24,"column":45}},"type":"binary-expr","locations":[{"start":{"line":24,"column":22},"end":{"line":24,"column":31}},{"start":{"line":24,"column":35},"end":{"line":24,"column":45}}],"line":24}},"s":{"0":0,"1":0,"2":0,"3":0,"4":0,"5":0,"6":0,"7":0,"8":0,"9":0,"10":0,"11":0,"12":0,"13":0,"14":0,"15":0,"16":0,"17":0,"18":0,"19":0,"20":0,"21":0,"22":0,"23":0,"24":0,"25":0,"26":0,"27":0,"28":0,"29":0,"30":1},"f":{"0":0,"1":0,"2":0,"3":0,"4":0,"5":0,"6":0,"7":0,"8":0,"9":0,"10":0,"11":0,"12":0,"13":0,"14":0,"15":0,"16":0,"17":0,"18":0,"19":0,"20":0},"b":{"0":[0],"1":[0,0],"2":[0,0]},"_coverageSchema":"1a1c01bbd47fc00a2c39e90264f33305004495a9","hash":"ad846e33ae7975e6f7cd35f14ec59bc6b87ca80e"}
,"/home/eduardo/grupo-05/api/src/routes/denunciaRoutes.js": {"path":"/home/eduardo/grupo-05/api/src/routes/denunciaRoutes.js","statementMap":{"0":{"start":{"line":1,"column":16},"end":{"line":1,"column":34}},"1":{"start":{"line":2,"column":27},"end":{"line":2,"column":70}},"2":{"start":{"line":3,"column":15},"end":{"line":3,"column":31}},"3":{"start":{"line":4,"column":15},"end":{"line":4,"column":46}},"4":{"start":{"line":51,"column":0},"end":{"line":51,"column":78}},"5":{"start":{"line":64,"column":0},"end":{"line":64,"column":80}},"6":{"start":{"line":76,"column":0},"end":{"line":76,"column":72}},"7":{"start":{"line":88,"column":0},"end":{"line":88,"column":74}},"8":{"start":{"line":109,"column":0},"end":{"line":109,"column":69}},"9":{"start":{"line":128,"column":0},"end":{"line":128,"column":52}},"10":{"start":{"line":160,"column":0},"end":{"line":160,"column":59}},"11":{"start":{"line":189,"column":0},"end":{"line":189,"column":72}},"12":{"start":{"line":208,"column":0},"end":{"line":208,"column":78}},"13":{"start":{"line":239,"column":0},"end":{"line":239,"column":80}},"14":{"start":{"line":242,"column":0},"end":{"line":242,"column":91}},"15":{"start":{"line":244,"column":0},"end":{"line":244,"column":24}}},"fnMap":{},"branchMap":{},"s":{"0":1,"1":1,"2":1,"3":1,"4":1,"5":1,"6":1,"7":1,"8":1,"9":1,"10":1,"11":1,"12":1,"13":1,"14":1,"15":1},"f":{},"b":{},"_coverageSchema":"1a1c01bbd47fc00a2c39e90264f33305004495a9","hash":"ff45dd3ffedbd8e124e383b6c34dd3208fbeeb77"}
,"/home/eduardo/grupo-05/api/src/routes/enderecoRoutes.js": {"path":"/home/eduardo/grupo-05/api/src/routes/enderecoRoutes.js","statementMap":{"0":{"start":{"line":1,"column":16},"end":{"line":1,"column":34}},"1":{"start":{"line":2,"column":27},"end":{"line":2,"column":70}},"2":{"start":{"line":6,"column":4},"end":{"line":6,"column":43}},"3":{"start":{"line":7,"column":15},"end":{"line":7,"column":31}},"4":{"start":{"line":9,"column":0},"end":{"line":9,"column":59}},"5":{"start":{"line":10,"column":0},"end":{"line":10,"column":65}},"6":{"start":{"line":12,"column":0},"end":{"line":19,"column":2}},"7":{"start":{"line":17,"column":4},"end":{"line":17,"column":75}},"8":{"start":{"line":21,"column":0},"end":{"line":21,"column":24}}},"fnMap":{"0":{"name":"(anonymous_0)","decl":{"start":{"line":16,"column":2},"end":{"line":16,"column":3}},"loc":{"start":{"line":16,"column":16},"end":{"line":18,"column":3}},"line":16}},"branchMap":{},"s":{"0":1,"1":1,"2":1,"3":1,"4":1,"5":1,"6":1,"7":0,"8":1},"f":{"0":0},"b":{},"_coverageSchema":"1a1c01bbd47fc00a2c39e90264f33305004495a9","hash":"b8d323197460cec6feab1a63e241b59615d7b3f0"}
,"/home/eduardo/grupo-05/api/src/routes/userRoutes.js": {"path":"/home/eduardo/grupo-05/api/src/routes/userRoutes.js","statementMap":{"0":{"start":{"line":1,"column":16},"end":{"line":1,"column":34}},"1":{"start":{"line":2,"column":23},"end":{"line":2,"column":62}},"2":{"start":{"line":6,"column":4},"end":{"line":6,"column":43}},"3":{"start":{"line":7,"column":15},"end":{"line":7,"column":31}},"4":{"start":{"line":46,"column":0},"end":{"line":46,"column":51}},"5":{"start":{"line":73,"column":0},"end":{"line":73,"column":44}},"6":{"start":{"line":98,"column":0},"end":{"line":98,"column":57}},"7":{"start":{"line":119,"column":0},"end":{"line":119,"column":60}},"8":{"start":{"line":162,"column":0},"end":{"line":162,"column":58}},"9":{"start":{"line":178,"column":0},"end":{"line":185,"column":2}},"10":{"start":{"line":183,"column":4},"end":{"line":183,"column":75}},"11":{"start":{"line":187,"column":0},"end":{"line":187,"column":24}}},"fnMap":{"0":{"name":"(anonymous_0)","decl":{"start":{"line":182,"column":2},"end":{"line":182,"column":3}},"loc":{"start":{"line":182,"column":16},"end":{"line":184,"column":3}},"line":182}},"branchMap":{},"s":{"0":1,"1":1,"2":1,"3":1,"4":1,"5":1,"6":1,"7":1,"8":1,"9":1,"10":0,"11":1},"f":{"0":0},"b":{},"_coverageSchema":"1a1c01bbd47fc00a2c39e90264f33305004495a9","hash":"479981bb40d071fad8c2e25c2308578fc484bf42"}
,"/home/eduardo/grupo-05/api/src/services/DenunciaService.js": {"path":"/home/eduardo/grupo-05/api/src/services/DenunciaService.js","statementMap":{"0":{"start":{"line":1,"column":25},"end":{"line":1,"column":50}},"1":{"start":{"line":2,"column":17},"end":{"line":2,"column":45}},"2":{"start":{"line":3,"column":15},"end":{"line":3,"column":33}},"3":{"start":{"line":13,"column":4},"end":{"line":15,"column":5}},"4":{"start":{"line":14,"column":6},"end":{"line":14,"column":92}},"5":{"start":{"line":17,"column":4},"end":{"line":24,"column":5}},"6":{"start":{"line":18,"column":6},"end":{"line":20,"column":9}},"7":{"start":{"line":22,"column":6},"end":{"line":22,"column":62}},"8":{"start":{"line":23,"column":6},"end":{"line":23,"column":49}},"9":{"start":{"line":33,"column":4},"end":{"line":42,"column":5}},"10":{"start":{"line":34,"column":6},"end":{"line":38,"column":9}},"11":{"start":{"line":40,"column":6},"end":{"line":40,"column":64}},"12":{"start":{"line":41,"column":6},"end":{"line":41,"column":51}},"13":{"start":{"line":52,"column":4},"end":{"line":54,"column":5}},"14":{"start":{"line":53,"column":6},"end":{"line":53,"column":49}},"15":{"start":{"line":56,"column":4},"end":{"line":66,"column":5}},"16":{"start":{"line":57,"column":6},"end":{"line":62,"column":9}},"17":{"start":{"line":64,"column":6},"end":{"line":64,"column":76}},"18":{"start":{"line":65,"column":6},"end":{"line":65,"column":63}},"19":{"start":{"line":77,"column":4},"end":{"line":79,"column":5}},"20":{"start":{"line":78,"column":6},"end":{"line":78,"column":50}},"21":{"start":{"line":81,"column":4},"end":{"line":89,"column":5}},"22":{"start":{"line":82,"column":6},"end":{"line":85,"column":9}},"23":{"start":{"line":87,"column":6},"end":{"line":87,"column":66}},"24":{"start":{"line":88,"column":6},"end":{"line":88,"column":53}},"25":{"start":{"line":100,"column":4},"end":{"line":102,"column":5}},"26":{"start":{"line":101,"column":6},"end":{"line":101,"column":60}},"27":{"start":{"line":104,"column":4},"end":{"line":112,"column":5}},"28":{"start":{"line":105,"column":6},"end":{"line":108,"column":9}},"29":{"start":{"line":110,"column":6},"end":{"line":110,"column":76}},"30":{"start":{"line":111,"column":6},"end":{"line":111,"column":63}},"31":{"start":{"line":121,"column":4},"end":{"line":131,"column":5}},"32":{"start":{"line":122,"column":6},"end":{"line":127,"column":9}},"33":{"start":{"line":129,"column":6},"end":{"line":129,"column":75}},"34":{"start":{"line":130,"column":6},"end":{"line":130,"column":62}},"35":{"start":{"line":140,"column":4},"end":{"line":145,"column":5}},"36":{"start":{"line":141,"column":6},"end":{"line":141,"column":43}},"37":{"start":{"line":143,"column":6},"end":{"line":143,"column":73}},"38":{"start":{"line":144,"column":6},"end":{"line":144,"column":60}},"39":{"start":{"line":155,"column":4},"end":{"line":157,"column":5}},"40":{"start":{"line":156,"column":6},"end":{"line":156,"column":50}},"41":{"start":{"line":159,"column":4},"end":{"line":182,"column":5}},"42":{"start":{"line":160,"column":29},"end":{"line":166,"column":8}},"43":{"start":{"line":168,"column":6},"end":{"line":170,"column":7}},"44":{"start":{"line":169,"column":8},"end":{"line":169,"column":65}},"45":{"start":{"line":172,"column":23},"end":{"line":172,"column":58}},"46":{"start":{"line":174,"column":6},"end":{"line":178,"column":8}},"47":{"start":{"line":180,"column":6},"end":{"line":180,"column":71}},"48":{"start":{"line":181,"column":6},"end":{"line":181,"column":58}},"49":{"start":{"line":194,"column":4},"end":{"line":196,"column":5}},"50":{"start":{"line":195,"column":6},"end":{"line":195,"column":66}},"51":{"start":{"line":198,"column":4},"end":{"line":206,"column":5}},"52":{"start":{"line":199,"column":6},"end":{"line":202,"column":9}},"53":{"start":{"line":204,"column":6},"end":{"line":204,"column":79}},"54":{"start":{"line":205,"column":6},"end":{"line":205,"column":66}},"55":{"start":{"line":215,"column":2},"end":{"line":228,"column":3}},"56":{"start":{"line":216,"column":4},"end":{"line":224,"column":7}},"57":{"start":{"line":226,"column":4},"end":{"line":226,"column":70}},"58":{"start":{"line":227,"column":4},"end":{"line":227,"column":57}},"59":{"start":{"line":238,"column":2},"end":{"line":257,"column":3}},"60":{"start":{"line":239,"column":31},"end":{"line":247,"column":6}},"61":{"start":{"line":249,"column":4},"end":{"line":253,"column":8}},"62":{"start":{"line":249,"column":46},"end":{"line":253,"column":5}},"63":{"start":{"line":255,"column":4},"end":{"line":255,"column":83}},"64":{"start":{"line":256,"column":4},"end":{"line":256,"column":70}},"65":{"start":{"line":263,"column":0},"end":{"line":263,"column":39}}},"fnMap":{"0":{"name":"(anonymous_0)","decl":{"start":{"line":12,"column":2},"end":{"line":12,"column":3}},"loc":{"start":{"line":12,"column":36},"end":{"line":25,"column":3}},"line":12},"1":{"name":"(anonymous_1)","decl":{"start":{"line":32,"column":2},"end":{"line":32,"column":3}},"loc":{"start":{"line":32,"column":26},"end":{"line":43,"column":3}},"line":32},"2":{"name":"(anonymous_2)","decl":{"start":{"line":51,"column":2},"end":{"line":51,"column":3}},"loc":{"start":{"line":51,"column":42},"end":{"line":67,"column":3}},"line":51},"3":{"name":"(anonymous_3)","decl":{"start":{"line":76,"column":2},"end":{"line":76,"column":3}},"loc":{"start":{"line":76,"column":42},"end":{"line":90,"column":3}},"line":76},"4":{"name":"(anonymous_4)","decl":{"start":{"line":99,"column":2},"end":{"line":99,"column":3}},"loc":{"start":{"line":99,"column":44},"end":{"line":113,"column":3}},"line":99},"5":{"name":"(anonymous_5)","decl":{"start":{"line":120,"column":2},"end":{"line":120,"column":3}},"loc":{"start":{"line":120,"column":35},"end":{"line":132,"column":3}},"line":120},"6":{"name":"(anonymous_6)","decl":{"start":{"line":139,"column":2},"end":{"line":139,"column":3}},"loc":{"start":{"line":139,"column":31},"end":{"line":146,"column":3}},"line":139},"7":{"name":"(anonymous_7)","decl":{"start":{"line":154,"column":2},"end":{"line":154,"column":3}},"loc":{"start":{"line":154,"column":28},"end":{"line":183,"column":3}},"line":154},"8":{"name":"(anonymous_8)","decl":{"start":{"line":193,"column":2},"end":{"line":193,"column":3}},"loc":{"start":{"line":193,"column":63},"end":{"line":207,"column":3}},"line":193},"9":{"name":"(anonymous_9)","decl":{"start":{"line":214,"column":0},"end":{"line":214,"column":1}},"loc":{"start":{"line":214,"column":30},"end":{"line":229,"column":1}},"line":214},"10":{"name":"(anonymous_10)","decl":{"start":{"line":237,"column":0},"end":{"line":237,"column":1}},"loc":{"start":{"line":237,"column":41},"end":{"line":258,"column":1}},"line":237},"11":{"name":"(anonymous_11)","decl":{"start":{"line":249,"column":34},"end":{"line":249,"column":35}},"loc":{"start":{"line":249,"column":46},"end":{"line":253,"column":5}},"line":249}},"branchMap":{"0":{"loc":{"start":{"line":13,"column":4},"end":{"line":15,"column":5}},"type":"if","locations":[{"start":{"line":13,"column":4},"end":{"line":15,"column":5}},{"start":{},"end":{}}],"line":13},"1":{"loc":{"start":{"line":13,"column":8},"end":{"line":13,"column":72}},"type":"binary-expr","locations":[{"start":{"line":13,"column":8},"end":{"line":13,"column":21}},{"start":{"line":13,"column":25},"end":{"line":13,"column":45}},{"start":{"line":13,"column":49},"end":{"line":13,"column":72}}],"line":13},"2":{"loc":{"start":{"line":52,"column":4},"end":{"line":54,"column":5}},"type":"if","locations":[{"start":{"line":52,"column":4},"end":{"line":54,"column":5}},{"start":{},"end":{}}],"line":52},"3":{"loc":{"start":{"line":52,"column":8},"end":{"line":52,"column":45}},"type":"binary-expr","locations":[{"start":{"line":52,"column":8},"end":{"line":52,"column":15}},{"start":{"line":52,"column":19},"end":{"line":52,"column":45}}],"line":52},"4":{"loc":{"start":{"line":77,"column":4},"end":{"line":79,"column":5}},"type":"if","locations":[{"start":{"line":77,"column":4},"end":{"line":79,"column":5}},{"start":{},"end":{}}],"line":77},"5":{"loc":{"start":{"line":77,"column":8},"end":{"line":77,"column":37}},"type":"binary-expr","locations":[{"start":{"line":77,"column":8},"end":{"line":77,"column":11}},{"start":{"line":77,"column":15},"end":{"line":77,"column":37}}],"line":77},"6":{"loc":{"start":{"line":100,"column":4},"end":{"line":102,"column":5}},"type":"if","locations":[{"start":{"line":100,"column":4},"end":{"line":102,"column":5}},{"start":{},"end":{}}],"line":100},"7":{"loc":{"start":{"line":100,"column":8},"end":{"line":100,"column":48}},"type":"binary-expr","locations":[{"start":{"line":100,"column":8},"end":{"line":100,"column":11}},{"start":{"line":100,"column":15},"end":{"line":100,"column":37}},{"start":{"line":100,"column":41},"end":{"line":100,"column":48}}],"line":100},"8":{"loc":{"start":{"line":155,"column":4},"end":{"line":157,"column":5}},"type":"if","locations":[{"start":{"line":155,"column":4},"end":{"line":157,"column":5}},{"start":{},"end":{}}],"line":155},"9":{"loc":{"start":{"line":155,"column":8},"end":{"line":155,"column":37}},"type":"binary-expr","locations":[{"start":{"line":155,"column":8},"end":{"line":155,"column":11}},{"start":{"line":155,"column":15},"end":{"line":155,"column":37}}],"line":155},"10":{"loc":{"start":{"line":168,"column":6},"end":{"line":170,"column":7}},"type":"if","locations":[{"start":{"line":168,"column":6},"end":{"line":170,"column":7}},{"start":{},"end":{}}],"line":168},"11":{"loc":{"start":{"line":194,"column":4},"end":{"line":196,"column":5}},"type":"if","locations":[{"start":{"line":194,"column":4},"end":{"line":196,"column":5}},{"start":{},"end":{}}],"line":194},"12":{"loc":{"start":{"line":194,"column":8},"end":{"line":194,"column":66}},"type":"binary-expr","locations":[{"start":{"line":194,"column":8},"end":{"line":194,"column":11}},{"start":{"line":194,"column":15},"end":{"line":194,"column":37}},{"start":{"line":194,"column":41},"end":{"line":194,"column":66}}],"line":194}},"s":{"0":1,"1":1,"2":1,"3":0,"4":0,"5":0,"6":0,"7":0,"8":0,"9":0,"10":0,"11":0,"12":0,"13":0,"14":0,"15":0,"16":0,"17":0,"18":0,"19":0,"20":0,"21":0,"22":0,"23":0,"24":0,"25":0,"26":0,"27":0,"28":0,"29":0,"30":0,"31":0,"32":0,"33":0,"34":0,"35":0,"36":0,"37":0,"38":0,"39":0,"40":0,"41":0,"42":0,"43":0,"44":0,"45":0,"46":0,"47":0,"48":0,"49":0,"50":0,"51":0,"52":0,"53":0,"54":0,"55":0,"56":0,"57":0,"58":0,"59":0,"60":0,"61":0,"62":0,"63":0,"64":0,"65":1},"f":{"0":0,"1":0,"2":0,"3":0,"4":0,"5":0,"6":0,"7":0,"8":0,"9":0,"10":0,"11":0},"b":{"0":[0,0],"1":[0,0,0],"2":[0,0],"3":[0,0],"4":[0,0],"5":[0,0],"6":[0,0],"7":[0,0,0],"8":[0,0],"9":[0,0],"10":[0,0],"11":[0,0],"12":[0,0,0]},"_coverageSchema":"1a1c01bbd47fc00a2c39e90264f33305004495a9","hash":"f2444800a9bc1c372e11002ecbaa6abf5e63d53e"}
,"/home/eduardo/grupo-05/api/src/services/EnderecoService.js": {"path":"/home/eduardo/grupo-05/api/src/services/EnderecoService.js","statementMap":{"0":{"start":{"line":1,"column":25},"end":{"line":1,"column":50}},"1":{"start":{"line":2,"column":15},"end":{"line":2,"column":33}},"2":{"start":{"line":21,"column":4},"end":{"line":21,"column":40}},"3":{"start":{"line":23,"column":4},"end":{"line":41,"column":5}},"4":{"start":{"line":24,"column":27},"end":{"line":36,"column":8}},"5":{"start":{"line":37,"column":6},"end":{"line":37,"column":26}},"6":{"start":{"line":39,"column":6},"end":{"line":39,"column":62}},"7":{"start":{"line":40,"column":6},"end":{"line":40,"column":80}},"8":{"start":{"line":51,"column":4},"end":{"line":53,"column":5}},"9":{"start":{"line":52,"column":6},"end":{"line":52,"column":58}},"10":{"start":{"line":55,"column":4},"end":{"line":68,"column":5}},"11":{"start":{"line":56,"column":23},"end":{"line":58,"column":8}},"12":{"start":{"line":60,"column":6},"end":{"line":62,"column":7}},"13":{"start":{"line":61,"column":8},"end":{"line":61,"column":65}},"14":{"start":{"line":64,"column":6},"end":{"line":64,"column":22}},"15":{"start":{"line":66,"column":6},"end":{"line":66,"column":70}},"16":{"start":{"line":67,"column":6},"end":{"line":67,"column":67}},"17":{"start":{"line":77,"column":57},"end":{"line":77,"column":69}},"18":{"start":{"line":79,"column":4},"end":{"line":81,"column":5}},"19":{"start":{"line":80,"column":6},"end":{"line":80,"column":68}},"20":{"start":{"line":82,"column":4},"end":{"line":84,"column":5}},"21":{"start":{"line":83,"column":6},"end":{"line":83,"column":71}},"22":{"start":{"line":85,"column":4},"end":{"line":87,"column":5}},"23":{"start":{"line":86,"column":6},"end":{"line":86,"column":71}},"24":{"start":{"line":88,"column":4},"end":{"line":90,"column":5}},"25":{"start":{"line":89,"column":6},"end":{"line":89,"column":71}},"26":{"start":{"line":91,"column":4},"end":{"line":93,"column":5}},"27":{"start":{"line":92,"column":6},"end":{"line":92,"column":69}},"28":{"start":{"line":94,"column":4},"end":{"line":96,"column":5}},"29":{"start":{"line":95,"column":6},"end":{"line":95,"column":80}},"30":{"start":{"line":100,"column":0},"end":{"line":100,"column":39}}},"fnMap":{"0":{"name":"(anonymous_0)","decl":{"start":{"line":20,"column":2},"end":{"line":20,"column":3}},"loc":{"start":{"line":20,"column":36},"end":{"line":42,"column":3}},"line":20},"1":{"name":"(anonymous_1)","decl":{"start":{"line":50,"column":2},"end":{"line":50,"column":3}},"loc":{"start":{"line":50,"column":35},"end":{"line":69,"column":3}},"line":50}},"branchMap":{"0":{"loc":{"start":{"line":51,"column":4},"end":{"line":53,"column":5}},"type":"if","locations":[{"start":{"line":51,"column":4},"end":{"line":53,"column":5}},{"start":{},"end":{}}],"line":51},"1":{"loc":{"start":{"line":51,"column":8},"end":{"line":51,"column":37}},"type":"binary-expr","locations":[{"start":{"line":51,"column":8},"end":{"line":51,"column":11}},{"start":{"line":51,"column":15},"end":{"line":51,"column":37}}],"line":51},"2":{"loc":{"start":{"line":60,"column":6},"end":{"line":62,"column":7}},"type":"if","locations":[{"start":{"line":60,"column":6},"end":{"line":62,"column":7}},{"start":{},"end":{}}],"line":60},"3":{"loc":{"start":{"line":79,"column":4},"end":{"line":81,"column":5}},"type":"if","locations":[{"start":{"line":79,"column":4},"end":{"line":81,"column":5}},{"start":{},"end":{}}],"line":79},"4":{"loc":{"start":{"line":79,"column":8},"end":{"line":79,"column":39}},"type":"binary-expr","locations":[{"start":{"line":79,"column":8},"end":{"line":79,"column":12}},{"start":{"line":79,"column":16},"end":{"line":79,"column":39}}],"line":79},"5":{"loc":{"start":{"line":82,"column":4},"end":{"line":84,"column":5}},"type":"if","locations":[{"start":{"line":82,"column":4},"end":{"line":84,"column":5}},{"start":{},"end":{}}],"line":82},"6":{"loc":{"start":{"line":82,"column":8},"end":{"line":82,"column":45}},"type":"binary-expr","locations":[{"start":{"line":82,"column":8},"end":{"line":82,"column":15}},{"start":{"line":82,"column":19},"end":{"line":82,"column":45}}],"line":82},"7":{"loc":{"start":{"line":85,"column":4},"end":{"line":87,"column":5}},"type":"if","locations":[{"start":{"line":85,"column":4},"end":{"line":87,"column":5}},{"start":{},"end":{}}],"line":85},"8":{"loc":{"start":{"line":85,"column":8},"end":{"line":85,"column":45}},"type":"binary-expr","locations":[{"start":{"line":85,"column":8},"end":{"line":85,"column":15}},{"start":{"line":85,"column":19},"end":{"line":85,"column":45}}],"line":85},"9":{"loc":{"start":{"line":88,"column":4},"end":{"line":90,"column":5}},"type":"if","locations":[{"start":{"line":88,"column":4},"end":{"line":90,"column":5}},{"start":{},"end":{}}],"line":88},"10":{"loc":{"start":{"line":88,"column":8},"end":{"line":88,"column":45}},"type":"binary-expr","locations":[{"start":{"line":88,"column":8},"end":{"line":88,"column":15}},{"start":{"line":88,"column":19},"end":{"line":88,"column":45}}],"line":88},"11":{"loc":{"start":{"line":91,"column":4},"end":{"line":93,"column":5}},"type":"if","locations":[{"start":{"line":91,"column":4},"end":{"line":93,"column":5}},{"start":{},"end":{}}],"line":91},"12":{"loc":{"start":{"line":91,"column":8},"end":{"line":91,"column":68}},"type":"binary-expr","locations":[{"start":{"line":91,"column":8},"end":{"line":91,"column":15}},{"start":{"line":91,"column":19},"end":{"line":91,"column":45}},{"start":{"line":91,"column":49},"end":{"line":91,"column":68}}],"line":91},"13":{"loc":{"start":{"line":94,"column":4},"end":{"line":96,"column":5}},"type":"if","locations":[{"start":{"line":94,"column":4},"end":{"line":96,"column":5}},{"start":{},"end":{}}],"line":94},"14":{"loc":{"start":{"line":94,"column":8},"end":{"line":94,"column":42}},"type":"binary-expr","locations":[{"start":{"line":94,"column":8},"end":{"line":94,"column":12}},{"start":{"line":94,"column":16},"end":{"line":94,"column":42}}],"line":94}},"s":{"0":1,"1":1,"2":0,"3":0,"4":0,"5":0,"6":0,"7":0,"8":0,"9":0,"10":0,"11":0,"12":0,"13":0,"14":0,"15":0,"16":0,"17":0,"18":0,"19":0,"20":0,"21":0,"22":0,"23":0,"24":0,"25":0,"26":0,"27":0,"28":0,"29":0,"30":1},"f":{"0":0,"1":0},"b":{"0":[0,0],"1":[0,0],"2":[0,0],"3":[0,0],"4":[0,0],"5":[0,0],"6":[0,0],"7":[0,0],"8":[0,0],"9":[0,0],"10":[0,0],"11":[0,0],"12":[0,0,0],"13":[0,0],"14":[0,0]},"_coverageSchema":"1a1c01bbd47fc00a2c39e90264f33305004495a9","hash":"638b49ef95f6c6c8aedc8a52256a801ab35da749"}
,"/home/eduardo/grupo-05/api/src/services/FotoService.js": {"path":"/home/eduardo/grupo-05/api/src/services/FotoService.js","statementMap":{"0":{"start":{"line":1,"column":25},"end":{"line":1,"column":50}},"1":{"start":{"line":2,"column":15},"end":{"line":2,"column":33}},"2":{"start":{"line":3,"column":11},"end":{"line":3,"column":24}},"3":{"start":{"line":4,"column":13},"end":{"line":4,"column":28}},"4":{"start":{"line":16,"column":4},"end":{"line":18,"column":5}},"5":{"start":{"line":17,"column":6},"end":{"line":17,"column":76}},"6":{"start":{"line":20,"column":4},"end":{"line":55,"column":5}},"7":{"start":{"line":22,"column":24},"end":{"line":22,"column":58}},"8":{"start":{"line":25,"column":6},"end":{"line":27,"column":7}},"9":{"start":{"line":26,"column":8},"end":{"line":26,"column":53}},"10":{"start":{"line":30,"column":23},"end":{"line":30,"column":56}},"11":{"start":{"line":31,"column":23},"end":{"line":31,"column":53}},"12":{"start":{"line":34,"column":6},"end":{"line":34,"column":40}},"13":{"start":{"line":37,"column":25},"end":{"line":37,"column":67}},"14":{"start":{"line":38,"column":24},"end":{"line":38,"column":73}},"15":{"start":{"line":41,"column":22},"end":{"line":41,"column":62}},"16":{"start":{"line":44,"column":23},"end":{"line":49,"column":8}},"17":{"start":{"line":51,"column":6},"end":{"line":51,"column":22}},"18":{"start":{"line":53,"column":6},"end":{"line":53,"column":61}},"19":{"start":{"line":54,"column":6},"end":{"line":54,"column":48}},"20":{"start":{"line":65,"column":4},"end":{"line":67,"column":5}},"21":{"start":{"line":66,"column":6},"end":{"line":66,"column":55}},"22":{"start":{"line":69,"column":4},"end":{"line":83,"column":5}},"23":{"start":{"line":70,"column":20},"end":{"line":78,"column":8}},"24":{"start":{"line":79,"column":6},"end":{"line":79,"column":19}},"25":{"start":{"line":81,"column":6},"end":{"line":81,"column":60}},"26":{"start":{"line":82,"column":6},"end":{"line":82,"column":47}},"27":{"start":{"line":93,"column":4},"end":{"line":95,"column":5}},"28":{"start":{"line":94,"column":6},"end":{"line":94,"column":51}},"29":{"start":{"line":97,"column":4},"end":{"line":105,"column":5}},"30":{"start":{"line":98,"column":27},"end":{"line":100,"column":8}},"31":{"start":{"line":101,"column":6},"end":{"line":101,"column":26}},"32":{"start":{"line":103,"column":6},"end":{"line":103,"column":62}},"33":{"start":{"line":104,"column":6},"end":{"line":104,"column":49}},"34":{"start":{"line":109,"column":0},"end":{"line":109,"column":35}}},"fnMap":{"0":{"name":"(anonymous_0)","decl":{"start":{"line":15,"column":2},"end":{"line":15,"column":3}},"loc":{"start":{"line":15,"column":42},"end":{"line":56,"column":3}},"line":15},"1":{"name":"(anonymous_1)","decl":{"start":{"line":64,"column":2},"end":{"line":64,"column":3}},"loc":{"start":{"line":64,"column":43},"end":{"line":84,"column":3}},"line":64},"2":{"name":"(anonymous_2)","decl":{"start":{"line":92,"column":2},"end":{"line":92,"column":3}},"loc":{"start":{"line":92,"column":24},"end":{"line":106,"column":3}},"line":92}},"branchMap":{"0":{"loc":{"start":{"line":16,"column":4},"end":{"line":18,"column":5}},"type":"if","locations":[{"start":{"line":16,"column":4},"end":{"line":18,"column":5}},{"start":{},"end":{}}],"line":16},"1":{"loc":{"start":{"line":16,"column":8},"end":{"line":16,"column":29}},"type":"binary-expr","locations":[{"start":{"line":16,"column":8},"end":{"line":16,"column":14}},{"start":{"line":16,"column":18},"end":{"line":16,"column":29}}],"line":16},"2":{"loc":{"start":{"line":25,"column":6},"end":{"line":27,"column":7}},"type":"if","locations":[{"start":{"line":25,"column":6},"end":{"line":27,"column":7}},{"start":{},"end":{}}],"line":25},"3":{"loc":{"start":{"line":37,"column":25},"end":{"line":37,"column":67}},"type":"binary-expr","locations":[{"start":{"line":37,"column":25},"end":{"line":37,"column":54}},{"start":{"line":37,"column":58},"end":{"line":37,"column":67}}],"line":37},"4":{"loc":{"start":{"line":38,"column":24},"end":{"line":38,"column":73}},"type":"binary-expr","locations":[{"start":{"line":38,"column":24},"end":{"line":38,"column":46}},{"start":{"line":38,"column":50},"end":{"line":38,"column":73}}],"line":38},"5":{"loc":{"start":{"line":65,"column":4},"end":{"line":67,"column":5}},"type":"if","locations":[{"start":{"line":65,"column":4},"end":{"line":67,"column":5}},{"start":{},"end":{}}],"line":65},"6":{"loc":{"start":{"line":93,"column":4},"end":{"line":95,"column":5}},"type":"if","locations":[{"start":{"line":93,"column":4},"end":{"line":95,"column":5}},{"start":{},"end":{}}],"line":93}},"s":{"0":1,"1":1,"2":1,"3":1,"4":0,"5":0,"6":0,"7":0,"8":0,"9":0,"10":0,"11":0,"12":0,"13":0,"14":0,"15":0,"16":0,"17":0,"18":0,"19":0,"20":0,"21":0,"22":0,"23":0,"24":0,"25":0,"26":0,"27":0,"28":0,"29":0,"30":0,"31":0,"32":0,"33":0,"34":1},"f":{"0":0,"1":0,"2":0},"b":{"0":[0,0],"1":[0,0],"2":[0,0],"3":[0,0],"4":[0,0],"5":[0,0],"6":[0,0]},"_coverageSchema":"1a1c01bbd47fc00a2c39e90264f33305004495a9","hash":"54cf488e10a0cf90852ecba6f0f75d5c48062ea8"}
,"/home/eduardo/grupo-05/api/src/services/UserService.js": {"path":"/home/eduardo/grupo-05/api/src/services/UserService.js","statementMap":{"0":{"start":{"line":1,"column":25},"end":{"line":1,"column":50}},"1":{"start":{"line":2,"column":13},"end":{"line":2,"column":37}},"2":{"start":{"line":3,"column":15},"end":{"line":3,"column":33}},"3":{"start":{"line":4,"column":15},"end":{"line":4,"column":32}},"4":{"start":{"line":13,"column":4},"end":{"line":13,"column":40}},"5":{"start":{"line":16,"column":29},"end":{"line":16,"column":95}},"6":{"start":{"line":17,"column":4},"end":{"line":19,"column":5}},"7":{"start":{"line":18,"column":6},"end":{"line":18,"column":50}},"8":{"start":{"line":22,"column":27},"end":{"line":22,"column":67}},"9":{"start":{"line":25,"column":23},"end":{"line":30,"column":6}},"10":{"start":{"line":32,"column":4},"end":{"line":32,"column":39}},"11":{"start":{"line":41,"column":4},"end":{"line":43,"column":5}},"12":{"start":{"line":42,"column":6},"end":{"line":42,"column":42}},"13":{"start":{"line":45,"column":23},"end":{"line":45,"column":73}},"14":{"start":{"line":46,"column":4},"end":{"line":48,"column":5}},"15":{"start":{"line":47,"column":6},"end":{"line":47,"column":41}},"16":{"start":{"line":49,"column":4},"end":{"line":49,"column":16}},"17":{"start":{"line":59,"column":4},"end":{"line":61,"column":5}},"18":{"start":{"line":60,"column":6},"end":{"line":60,"column":41}},"19":{"start":{"line":62,"column":4},"end":{"line":62,"column":52}},"20":{"start":{"line":70,"column":24},"end":{"line":70,"column":52}},"21":{"start":{"line":71,"column":4},"end":{"line":71,"column":44}},"22":{"start":{"line":80,"column":4},"end":{"line":82,"column":5}},"23":{"start":{"line":81,"column":6},"end":{"line":81,"column":38}},"24":{"start":{"line":84,"column":23},"end":{"line":84,"column":70}},"25":{"start":{"line":85,"column":4},"end":{"line":87,"column":5}},"26":{"start":{"line":86,"column":6},"end":{"line":86,"column":41}},"27":{"start":{"line":88,"column":4},"end":{"line":88,"column":16}},"28":{"start":{"line":98,"column":4},"end":{"line":100,"column":5}},"29":{"start":{"line":99,"column":6},"end":{"line":99,"column":38}},"30":{"start":{"line":102,"column":4},"end":{"line":102,"column":46}},"31":{"start":{"line":104,"column":4},"end":{"line":122,"column":5}},"32":{"start":{"line":106,"column":63},"end":{"line":106,"column":71}},"33":{"start":{"line":109,"column":6},"end":{"line":111,"column":7}},"34":{"start":{"line":110,"column":8},"end":{"line":110,"column":77}},"35":{"start":{"line":113,"column":26},"end":{"line":116,"column":8}},"36":{"start":{"line":118,"column":6},"end":{"line":118,"column":42}},"37":{"start":{"line":120,"column":6},"end":{"line":120,"column":72}},"38":{"start":{"line":121,"column":6},"end":{"line":121,"column":54}},"39":{"start":{"line":131,"column":59},"end":{"line":131,"column":67}},"40":{"start":{"line":133,"column":4},"end":{"line":143,"column":5}},"41":{"start":{"line":134,"column":6},"end":{"line":136,"column":7}},"42":{"start":{"line":135,"column":8},"end":{"line":135,"column":69}},"43":{"start":{"line":137,"column":6},"end":{"line":139,"column":7}},"44":{"start":{"line":138,"column":8},"end":{"line":138,"column":67}},"45":{"start":{"line":140,"column":6},"end":{"line":142,"column":7}},"46":{"start":{"line":141,"column":8},"end":{"line":141,"column":83}},"47":{"start":{"line":145,"column":4},"end":{"line":147,"column":5}},"48":{"start":{"line":146,"column":6},"end":{"line":146,"column":64}},"49":{"start":{"line":149,"column":4},"end":{"line":151,"column":5}},"50":{"start":{"line":150,"column":6},"end":{"line":150,"column":64}},"51":{"start":{"line":153,"column":4},"end":{"line":155,"column":5}},"52":{"start":{"line":154,"column":6},"end":{"line":154,"column":65}},"53":{"start":{"line":159,"column":0},"end":{"line":159,"column":35}}},"fnMap":{"0":{"name":"(anonymous_0)","decl":{"start":{"line":12,"column":2},"end":{"line":12,"column":3}},"loc":{"start":{"line":12,"column":31},"end":{"line":33,"column":3}},"line":12},"1":{"name":"(anonymous_1)","decl":{"start":{"line":40,"column":2},"end":{"line":40,"column":3}},"loc":{"start":{"line":40,"column":40},"end":{"line":50,"column":3}},"line":40},"2":{"name":"(anonymous_2)","decl":{"start":{"line":58,"column":2},"end":{"line":58,"column":3}},"loc":{"start":{"line":58,"column":49},"end":{"line":63,"column":3}},"line":58},"3":{"name":"(anonymous_3)","decl":{"start":{"line":69,"column":2},"end":{"line":69,"column":3}},"loc":{"start":{"line":69,"column":22},"end":{"line":72,"column":3}},"line":69},"4":{"name":"(anonymous_4)","decl":{"start":{"line":79,"column":2},"end":{"line":79,"column":3}},"loc":{"start":{"line":79,"column":24},"end":{"line":89,"column":3}},"line":79},"5":{"name":"(anonymous_5)","decl":{"start":{"line":97,"column":2},"end":{"line":97,"column":3}},"loc":{"start":{"line":97,"column":33},"end":{"line":123,"column":3}},"line":97}},"branchMap":{"0":{"loc":{"start":{"line":17,"column":4},"end":{"line":19,"column":5}},"type":"if","locations":[{"start":{"line":17,"column":4},"end":{"line":19,"column":5}},{"start":{},"end":{}}],"line":17},"1":{"loc":{"start":{"line":41,"column":4},"end":{"line":43,"column":5}},"type":"if","locations":[{"start":{"line":41,"column":4},"end":{"line":43,"column":5}},{"start":{},"end":{}}],"line":41},"2":{"loc":{"start":{"line":41,"column":8},"end":{"line":41,"column":43}},"type":"binary-expr","locations":[{"start":{"line":41,"column":8},"end":{"line":41,"column":14}},{"start":{"line":41,"column":18},"end":{"line":41,"column":43}}],"line":41},"3":{"loc":{"start":{"line":46,"column":4},"end":{"line":48,"column":5}},"type":"if","locations":[{"start":{"line":46,"column":4},"end":{"line":48,"column":5}},{"start":{},"end":{}}],"line":46},"4":{"loc":{"start":{"line":59,"column":4},"end":{"line":61,"column":5}},"type":"if","locations":[{"start":{"line":59,"column":4},"end":{"line":61,"column":5}},{"start":{},"end":{}}],"line":59},"5":{"loc":{"start":{"line":59,"column":8},"end":{"line":59,"column":49}},"type":"binary-expr","locations":[{"start":{"line":59,"column":8},"end":{"line":59,"column":17}},{"start":{"line":59,"column":21},"end":{"line":59,"column":49}}],"line":59},"6":{"loc":{"start":{"line":80,"column":4},"end":{"line":82,"column":5}},"type":"if","locations":[{"start":{"line":80,"column":4},"end":{"line":82,"column":5}},{"start":{},"end":{}}],"line":80},"7":{"loc":{"start":{"line":80,"column":8},"end":{"line":80,"column":37}},"type":"binary-expr","locations":[{"start":{"line":80,"column":8},"end":{"line":80,"column":11}},{"start":{"line":80,"column":15},"end":{"line":80,"column":37}}],"line":80},"8":{"loc":{"start":{"line":85,"column":4},"end":{"line":87,"column":5}},"type":"if","locations":[{"start":{"line":85,"column":4},"end":{"line":87,"column":5}},{"start":{},"end":{}}],"line":85},"9":{"loc":{"start":{"line":98,"column":4},"end":{"line":100,"column":5}},"type":"if","locations":[{"start":{"line":98,"column":4},"end":{"line":100,"column":5}},{"start":{},"end":{}}],"line":98},"10":{"loc":{"start":{"line":98,"column":8},"end":{"line":98,"column":37}},"type":"binary-expr","locations":[{"start":{"line":98,"column":8},"end":{"line":98,"column":11}},{"start":{"line":98,"column":15},"end":{"line":98,"column":37}}],"line":98},"11":{"loc":{"start":{"line":109,"column":6},"end":{"line":111,"column":7}},"type":"if","locations":[{"start":{"line":109,"column":6},"end":{"line":111,"column":7}},{"start":{},"end":{}}],"line":109},"12":{"loc":{"start":{"line":130,"column":33},"end":{"line":130,"column":48}},"type":"default-arg","locations":[{"start":{"line":130,"column":43},"end":{"line":130,"column":48}}],"line":130},"13":{"loc":{"start":{"line":133,"column":4},"end":{"line":143,"column":5}},"type":"if","locations":[{"start":{"line":133,"column":4},"end":{"line":143,"column":5}},{"start":{},"end":{}}],"line":133},"14":{"loc":{"start":{"line":134,"column":6},"end":{"line":136,"column":7}},"type":"if","locations":[{"start":{"line":134,"column":6},"end":{"line":136,"column":7}},{"start":{},"end":{}}],"line":134},"15":{"loc":{"start":{"line":134,"column":10},"end":{"line":134,"column":43}},"type":"binary-expr","locations":[{"start":{"line":134,"column":10},"end":{"line":134,"column":15}},{"start":{"line":134,"column":19},"end":{"line":134,"column":43}}],"line":134},"16":{"loc":{"start":{"line":137,"column":6},"end":{"line":139,"column":7}},"type":"if","locations":[{"start":{"line":137,"column":6},"end":{"line":139,"column":7}},{"start":{},"end":{}}],"line":137},"17":{"loc":{"start":{"line":137,"column":10},"end":{"line":137,"column":69}},"type":"binary-expr","locations":[{"start":{"line":137,"column":10},"end":{"line":137,"column":16}},{"start":{"line":137,"column":20},"end":{"line":137,"column":45}},{"start":{"line":137,"column":49},"end":{"line":137,"column":69}}],"line":137},"18":{"loc":{"start":{"line":140,"column":6},"end":{"line":142,"column":7}},"type":"if","locations":[{"start":{"line":140,"column":6},"end":{"line":142,"column":7}},{"start":{},"end":{}}],"line":140},"19":{"loc":{"start":{"line":140,"column":10},"end":{"line":140,"column":74}},"type":"binary-expr","locations":[{"start":{"line":140,"column":10},"end":{"line":140,"column":19}},{"start":{"line":140,"column":23},"end":{"line":140,"column":51}},{"start":{"line":140,"column":55},"end":{"line":140,"column":74}}],"line":140},"20":{"loc":{"start":{"line":145,"column":4},"end":{"line":147,"column":5}},"type":"if","locations":[{"start":{"line":145,"column":4},"end":{"line":147,"column":5}},{"start":{},"end":{}}],"line":145},"21":{"loc":{"start":{"line":145,"column":8},"end":{"line":145,"column":38}},"type":"binary-expr","locations":[{"start":{"line":145,"column":8},"end":{"line":145,"column":11}},{"start":{"line":145,"column":16},"end":{"line":145,"column":37}}],"line":145},"22":{"loc":{"start":{"line":149,"column":4},"end":{"line":151,"column":5}},"type":"if","locations":[{"start":{"line":149,"column":4},"end":{"line":151,"column":5}},{"start":{},"end":{}}],"line":149},"23":{"loc":{"start":{"line":149,"column":8},"end":{"line":149,"column":51}},"type":"binary-expr","locations":[{"start":{"line":149,"column":8},"end":{"line":149,"column":16}},{"start":{"line":149,"column":21},"end":{"line":149,"column":50}}],"line":149},"24":{"loc":{"start":{"line":153,"column":4},"end":{"line":155,"column":5}},"type":"if","locations":[{"start":{"line":153,"column":4},"end":{"line":155,"column":5}},{"start":{},"end":{}}],"line":153},"25":{"loc":{"start":{"line":153,"column":8},"end":{"line":153,"column":53}},"type":"binary-expr","locations":[{"start":{"line":153,"column":8},"end":{"line":153,"column":12}},{"start":{"line":153,"column":16},"end":{"line":153,"column":53}}],"line":153}},"s":{"0":1,"1":1,"2":1,"3":1,"4":0,"5":0,"6":0,"7":0,"8":0,"9":0,"10":0,"11":0,"12":0,"13":0,"14":0,"15":0,"16":0,"17":0,"18":0,"19":0,"20":0,"21":0,"22":0,"23":0,"24":0,"25":0,"26":0,"27":0,"28":0,"29":0,"30":0,"31":0,"32":0,"33":0,"34":0,"35":0,"36":0,"37":0,"38":0,"39":0,"40":0,"41":0,"42":0,"43":0,"44":0,"45":0,"46":0,"47":0,"48":0,"49":0,"50":0,"51":0,"52":0,"53":1},"f":{"0":0,"1":0,"2":0,"3":0,"4":0,"5":0},"b":{"0":[0,0],"1":[0,0],"2":[0,0],"3":[0,0],"4":[0,0],"5":[0,0],"6":[0,0],"7":[0,0],"8":[0,0],"9":[0,0],"10":[0,0],"11":[0,0],"12":[0],"13":[0,0],"14":[0,0],"15":[0,0],"16":[0,0],"17":[0,0,0],"18":[0,0],"19":[0,0,0],"20":[0,0],"21":[0,0],"22":[0,0],"23":[0,0],"24":[0,0],"25":[0,0]},"_coverageSchema":"1a1c01bbd47fc00a2c39e90264f33305004495a9","hash":"878de45a6f6ed76ba3feeb9d30edd848e02b6912"}
}
