TN:
SF:swaggerConfig.js
FNF:0
FNH:0
DA:1,1
DA:3,1
DA:20,1
DA:22,1
LF:4
LH:4
BRF:0
BRH:0
end_of_record
TN:
SF:src/app.js
FN:38,(anonymous_0)
FN:43,(anonymous_1)
FNF:2
FNH:1
FNDA:4,(anonymous_0)
FNDA:0,(anonymous_1)
DA:1,1
DA:2,1
DA:3,1
DA:4,1
DA:5,1
DA:6,1
DA:9,1
DA:10,1
DA:11,1
DA:13,1
DA:16,1
DA:19,1
DA:27,1
DA:30,1
DA:33,1
DA:34,1
DA:35,1
DA:38,1
DA:39,4
DA:43,1
DA:44,0
DA:45,0
DA:48,1
LF:23
LH:21
BRDA:45,0,0,0
BRDA:45,0,1,0
BRDA:45,1,0,0
BRDA:45,1,1,0
BRF:4
BRH:0
end_of_record
TN:
SF:src/controller/DenunciaController.js
FN:10,(anonymous_0)
FN:85,(anonymous_1)
FN:109,(anonymous_2)
FN:122,(anonymous_3)
FN:146,(anonymous_4)
FN:174,(anonymous_5)
FN:202,(anonymous_6)
FN:232,(anonymous_7)
FN:248,(anonymous_8)
FN:263,(anonymous_9)
FN:298,(anonymous_10)
FN:313,(anonymous_11)
FNF:12
FNH:4
FNDA:0,(anonymous_0)
FNDA:0,(anonymous_1)
FNDA:3,(anonymous_2)
FNDA:4,(anonymous_3)
FNDA:0,(anonymous_4)
FNDA:1,(anonymous_5)
FNDA:3,(anonymous_6)
FNDA:0,(anonymous_7)
FNDA:0,(anonymous_8)
FNDA:0,(anonymous_9)
FNDA:0,(anonymous_10)
FNDA:0,(anonymous_11)
DA:1,1
DA:2,1
DA:3,1
DA:4,1
DA:11,0
DA:12,0
DA:15,0
DA:20,0
DA:26,0
DA:27,0
DA:33,0
DA:34,0
DA:40,0
DA:42,0
DA:53,0
DA:54,0
DA:57,0
DA:65,0
DA:71,0
DA:72,0
DA:75,0
DA:83,0
DA:84,0
DA:86,0
DA:92,0
DA:96,0
DA:101,0
DA:102,0
DA:110,3
DA:111,3
DA:112,3
DA:114,0
DA:115,0
DA:123,4
DA:126,4
DA:127,1
DA:130,3
DA:131,3
DA:134,3
DA:136,0
DA:137,0
DA:147,0
DA:148,0
DA:151,0
DA:152,0
DA:155,0
DA:156,0
DA:164,0
DA:166,0
DA:167,0
DA:175,1
DA:176,1
DA:179,1
DA:180,0
DA:185,1
DA:186,1
DA:190,0
DA:192,1
DA:193,1
DA:203,3
DA:206,3
DA:207,1
DA:210,2
DA:211,2
DA:212,2
DA:213,0
DA:218,2
DA:219,2
DA:222,0
DA:224,0
DA:225,0
DA:233,0
DA:235,0
DA:236,0
DA:238,0
DA:239,0
DA:249,0
DA:250,0
DA:251,0
DA:253,0
DA:254,0
DA:264,0
DA:265,0
DA:268,0
DA:269,0
DA:271,0
DA:272,0
DA:277,0
DA:278,0
DA:283,0
DA:288,0
DA:289,0
DA:299,0
DA:300,0
DA:301,0
DA:303,0
DA:304,0
DA:314,0
DA:316,0
DA:317,0
DA:319,0
DA:323,0
DA:330,1
LF:103
LH:29
BRDA:15,0,0,0
BRDA:15,0,1,0
BRDA:16,1,0,0
BRDA:16,1,1,0
BRDA:16,1,2,0
BRDA:26,2,0,0
BRDA:26,2,1,0
BRDA:26,3,0,0
BRDA:26,3,1,0
BRDA:33,4,0,0
BRDA:33,4,1,0
BRDA:33,5,0,0
BRDA:33,5,1,0
BRDA:57,6,0,0
BRDA:57,6,1,0
BRDA:58,7,0,0
BRDA:58,7,1,0
BRDA:58,7,2,0
BRDA:58,7,3,0
BRDA:58,7,4,0
BRDA:58,7,5,0
BRDA:83,8,0,0
BRDA:83,8,1,0
BRDA:83,9,0,0
BRDA:83,9,1,0
BRDA:126,10,0,1
BRDA:126,10,1,3
BRDA:126,11,0,4
BRDA:126,11,1,4
BRDA:151,12,0,0
BRDA:151,12,1,0
BRDA:151,13,0,0
BRDA:151,13,1,0
BRDA:179,14,0,0
BRDA:179,14,1,1
BRDA:179,15,0,1
BRDA:179,15,1,1
BRDA:179,15,2,1
BRDA:179,15,3,1
BRDA:206,16,0,1
BRDA:206,16,1,2
BRDA:206,17,0,3
BRDA:206,17,1,3
BRDA:212,18,0,0
BRDA:212,18,1,2
BRDA:218,19,0,2
BRDA:218,19,1,0
BRDA:218,20,0,2
BRDA:218,20,1,2
BRDA:268,21,0,0
BRDA:268,21,1,0
BRDA:268,22,0,0
BRDA:268,22,1,0
BRDA:271,23,0,0
BRDA:271,23,1,0
BRDA:271,24,0,0
BRDA:271,24,1,0
BRDA:281,25,0,0
BRDA:281,25,1,0
BRF:59
BRH:17
end_of_record
TN:
SF:src/controller/EnderecoController.js
FN:5,(anonymous_0)
FN:29,(anonymous_1)
FNF:2
FNH:0
FNDA:0,(anonymous_0)
FNDA:0,(anonymous_1)
DA:1,1
DA:6,0
DA:7,0
DA:9,0
DA:21,0
DA:23,0
DA:24,0
DA:30,0
DA:31,0
DA:33,0
DA:34,0
DA:35,0
DA:38,0
DA:40,0
DA:41,0
DA:46,1
LF:16
LH:2
BRDA:34,0,0,0
BRDA:34,0,1,0
BRF:2
BRH:0
end_of_record
TN:
SF:src/controller/UserController.js
FN:8,(anonymous_0)
FN:28,(anonymous_1)
FN:69,(anonymous_2)
FN:82,(anonymous_3)
FN:105,(anonymous_4)
FNF:5
FNH:0
FNDA:0,(anonymous_0)
FNDA:0,(anonymous_1)
FNDA:0,(anonymous_2)
FNDA:0,(anonymous_3)
FNDA:0,(anonymous_4)
DA:1,1
DA:2,1
DA:9,0
DA:12,0
DA:13,0
DA:16,0
DA:17,0
DA:18,0
DA:20,0
DA:21,0
DA:29,0
DA:32,0
DA:33,0
DA:36,0
DA:37,0
DA:38,0
DA:39,0
DA:42,0
DA:43,0
DA:44,0
DA:48,0
DA:54,0
DA:61,0
DA:62,0
DA:70,0
DA:71,0
DA:72,0
DA:74,0
DA:75,0
DA:83,0
DA:86,0
DA:87,0
DA:90,0
DA:91,0
DA:92,0
DA:93,0
DA:95,0
DA:97,0
DA:98,0
DA:106,0
DA:107,0
DA:110,0
DA:111,0
DA:114,0
DA:115,0
DA:116,0
DA:118,0
DA:119,0
DA:124,1
LF:49
LH:3
BRDA:12,0,0,0
BRDA:12,0,1,0
BRDA:12,1,0,0
BRDA:12,1,1,0
BRDA:12,1,2,0
BRDA:21,2,0,0
BRDA:21,2,1,0
BRDA:32,3,0,0
BRDA:32,3,1,0
BRDA:32,4,0,0
BRDA:32,4,1,0
BRDA:38,5,0,0
BRDA:38,5,1,0
BRDA:43,6,0,0
BRDA:43,6,1,0
BRDA:62,7,0,0
BRDA:62,7,1,0
BRDA:86,8,0,0
BRDA:86,8,1,0
BRDA:86,9,0,0
BRDA:86,9,1,0
BRDA:92,10,0,0
BRDA:92,10,1,0
BRDA:110,11,0,0
BRDA:110,11,1,0
BRDA:110,12,0,0
BRDA:110,12,1,0
BRDA:119,13,0,0
BRDA:119,13,1,0
BRF:29
BRH:0
end_of_record
TN:
SF:src/middleware/authMiddleware.js
FN:3,authMiddleware
FN:20,roleMiddleware
FN:21,(anonymous_2)
FNF:3
FNH:2
FNDA:16,authMiddleware
FNDA:2,roleMiddleware
FNDA:0,(anonymous_2)
DA:1,1
DA:4,16
DA:5,16
DA:6,1
DA:11,15
DA:12,15
DA:13,15
DA:14,15
DA:16,0
DA:21,2
DA:22,0
DA:23,0
DA:27,0
DA:31,1
LF:14
LH:10
BRDA:5,0,0,1
BRDA:5,0,1,15
BRDA:22,1,0,0
BRDA:22,1,1,0
BRF:4
BRH:2
end_of_record
TN:
SF:src/middleware/upload.js
FNF:0
FNH:0
DA:1,1
DA:4,1
DA:6,1
DA:13,1
LF:4
LH:4
BRF:0
BRH:0
end_of_record
TN:
SF:src/model/Denuncia.js
FN:13,(anonymous_0)
FN:35,(anonymous_1)
FN:40,(anonymous_2)
FN:44,(anonymous_3)
FN:48,(anonymous_4)
FN:52,(anonymous_5)
FN:56,(anonymous_6)
FN:60,(anonymous_7)
FN:64,(anonymous_8)
FN:68,(anonymous_9)
FN:73,(anonymous_10)
FN:78,(anonymous_11)
FN:83,(anonymous_12)
FN:89,(anonymous_13)
FN:94,(anonymous_14)
FN:101,(anonymous_15)
FN:111,(anonymous_16)
FN:126,(anonymous_17)
FNF:18
FNH:0
FNDA:0,(anonymous_0)
FNDA:0,(anonymous_1)
FNDA:0,(anonymous_2)
FNDA:0,(anonymous_3)
FNDA:0,(anonymous_4)
FNDA:0,(anonymous_5)
FNDA:0,(anonymous_6)
FNDA:0,(anonymous_7)
FNDA:0,(anonymous_8)
FNDA:0,(anonymous_9)
FNDA:0,(anonymous_10)
FNDA:0,(anonymous_11)
FNDA:0,(anonymous_12)
FNDA:0,(anonymous_13)
FNDA:0,(anonymous_14)
FNDA:0,(anonymous_15)
FNDA:0,(anonymous_16)
FNDA:0,(anonymous_17)
DA:24,0
DA:25,0
DA:26,0
DA:27,0
DA:28,0
DA:29,0
DA:30,0
DA:31,0
DA:32,0
DA:36,0
DA:41,0
DA:45,0
DA:49,0
DA:53,0
DA:57,0
DA:61,0
DA:65,0
DA:69,0
DA:74,0
DA:75,0
DA:79,0
DA:80,0
DA:84,0
DA:85,0
DA:86,0
DA:90,0
DA:95,0
DA:96,0
DA:102,0
DA:112,0
DA:127,0
DA:142,2
LF:32
LH:1
BRDA:17,0,0,0
BRDA:19,1,0,0
BRDA:20,2,0,0
BRDA:74,3,0,0
BRDA:74,3,1,0
BRDA:79,4,0,0
BRDA:79,4,1,0
BRDA:85,5,0,0
BRDA:85,5,1,0
BRDA:95,6,0,0
BRDA:95,6,1,0
BRDA:95,7,0,0
BRDA:95,7,1,0
BRDA:95,7,2,0
BRDA:95,7,3,0
BRF:15
BRH:0
end_of_record
TN:
SF:src/model/User.js
FN:14,(anonymous_0)
FN:28,(anonymous_1)
FN:32,(anonymous_2)
FN:36,(anonymous_3)
FN:40,(anonymous_4)
FN:44,(anonymous_5)
FN:48,(anonymous_6)
FN:52,(anonymous_7)
FN:56,(anonymous_8)
FN:60,(anonymous_9)
FN:64,(anonymous_10)
FN:68,(anonymous_11)
FN:72,(anonymous_12)
FN:76,(anonymous_13)
FN:80,(anonymous_14)
FN:84,(anonymous_15)
FN:88,(anonymous_16)
FN:92,(anonymous_17)
FN:97,(anonymous_18)
FN:102,(anonymous_19)
FN:118,(anonymous_20)
FNF:21
FNH:0
FNDA:0,(anonymous_0)
FNDA:0,(anonymous_1)
FNDA:0,(anonymous_2)
FNDA:0,(anonymous_3)
FNDA:0,(anonymous_4)
FNDA:0,(anonymous_5)
FNDA:0,(anonymous_6)
FNDA:0,(anonymous_7)
FNDA:0,(anonymous_8)
FNDA:0,(anonymous_9)
FNDA:0,(anonymous_10)
FNDA:0,(anonymous_11)
FNDA:0,(anonymous_12)
FNDA:0,(anonymous_13)
FNDA:0,(anonymous_14)
FNDA:0,(anonymous_15)
FNDA:0,(anonymous_16)
FNDA:0,(anonymous_17)
FNDA:0,(anonymous_18)
FNDA:0,(anonymous_19)
FNDA:0,(anonymous_20)
DA:15,0
DA:16,0
DA:17,0
DA:18,0
DA:19,0
DA:20,0
DA:21,0
DA:22,0
DA:23,0
DA:24,0
DA:29,0
DA:33,0
DA:37,0
DA:41,0
DA:45,0
DA:49,0
DA:53,0
DA:57,0
DA:61,0
DA:65,0
DA:69,0
DA:73,0
DA:77,0
DA:81,0
DA:85,0
DA:89,0
DA:93,0
DA:98,0
DA:103,0
DA:119,0
DA:133,1
LF:31
LH:1
BRDA:14,0,0,0
BRDA:23,1,0,0
BRDA:23,1,1,0
BRDA:24,2,0,0
BRDA:24,2,1,0
BRF:5
BRH:0
end_of_record
TN:
SF:src/routes/denunciaRoutes.js
FNF:0
FNH:0
DA:1,1
DA:2,1
DA:3,1
DA:4,1
DA:51,1
DA:64,1
DA:76,1
DA:88,1
DA:109,1
DA:128,1
DA:160,1
DA:189,1
DA:208,1
DA:239,1
DA:242,1
DA:244,1
LF:16
LH:16
BRF:0
BRH:0
end_of_record
TN:
SF:src/routes/enderecoRoutes.js
FN:16,(anonymous_0)
FNF:1
FNH:0
FNDA:0,(anonymous_0)
DA:1,1
DA:2,1
DA:6,1
DA:7,1
DA:9,1
DA:10,1
DA:12,1
DA:17,0
DA:21,1
LF:9
LH:8
BRF:0
BRH:0
end_of_record
TN:
SF:src/routes/userRoutes.js
FN:182,(anonymous_0)
FNF:1
FNH:0
FNDA:0,(anonymous_0)
DA:1,1
DA:2,1
DA:6,1
DA:7,1
DA:46,1
DA:73,1
DA:98,1
DA:119,1
DA:162,1
DA:178,1
DA:183,0
DA:187,1
LF:12
LH:11
BRF:0
BRH:0
end_of_record
TN:
SF:src/services/DenunciaService.js
FN:12,(anonymous_0)
FN:32,(anonymous_1)
FN:51,(anonymous_2)
FN:76,(anonymous_3)
FN:99,(anonymous_4)
FN:120,(anonymous_5)
FN:139,(anonymous_6)
FN:154,(anonymous_7)
FN:193,(anonymous_8)
FN:214,(anonymous_9)
FN:237,(anonymous_10)
FN:249,(anonymous_11)
FNF:12
FNH:0
FNDA:0,(anonymous_0)
FNDA:0,(anonymous_1)
FNDA:0,(anonymous_2)
FNDA:0,(anonymous_3)
FNDA:0,(anonymous_4)
FNDA:0,(anonymous_5)
FNDA:0,(anonymous_6)
FNDA:0,(anonymous_7)
FNDA:0,(anonymous_8)
FNDA:0,(anonymous_9)
FNDA:0,(anonymous_10)
FNDA:0,(anonymous_11)
DA:1,1
DA:2,1
DA:3,1
DA:13,0
DA:14,0
DA:17,0
DA:18,0
DA:22,0
DA:23,0
DA:33,0
DA:34,0
DA:40,0
DA:41,0
DA:52,0
DA:53,0
DA:56,0
DA:57,0
DA:64,0
DA:65,0
DA:77,0
DA:78,0
DA:81,0
DA:82,0
DA:87,0
DA:88,0
DA:100,0
DA:101,0
DA:104,0
DA:105,0
DA:110,0
DA:111,0
DA:121,0
DA:122,0
DA:129,0
DA:130,0
DA:140,0
DA:141,0
DA:143,0
DA:144,0
DA:155,0
DA:156,0
DA:159,0
DA:160,0
DA:168,0
DA:169,0
DA:172,0
DA:174,0
DA:180,0
DA:181,0
DA:194,0
DA:195,0
DA:198,0
DA:199,0
DA:204,0
DA:205,0
DA:215,0
DA:216,0
DA:226,0
DA:227,0
DA:238,0
DA:239,0
DA:249,0
DA:255,0
DA:256,0
DA:263,1
LF:65
LH:4
BRDA:13,0,0,0
BRDA:13,0,1,0
BRDA:13,1,0,0
BRDA:13,1,1,0
BRDA:13,1,2,0
BRDA:52,2,0,0
BRDA:52,2,1,0
BRDA:52,3,0,0
BRDA:52,3,1,0
BRDA:77,4,0,0
BRDA:77,4,1,0
BRDA:77,5,0,0
BRDA:77,5,1,0
BRDA:100,6,0,0
BRDA:100,6,1,0
BRDA:100,7,0,0
BRDA:100,7,1,0
BRDA:100,7,2,0
BRDA:155,8,0,0
BRDA:155,8,1,0
BRDA:155,9,0,0
BRDA:155,9,1,0
BRDA:168,10,0,0
BRDA:168,10,1,0
BRDA:194,11,0,0
BRDA:194,11,1,0
BRDA:194,12,0,0
BRDA:194,12,1,0
BRDA:194,12,2,0
BRF:29
BRH:0
end_of_record
TN:
SF:src/services/EnderecoService.js
FN:20,(anonymous_0)
FN:50,(anonymous_1)
FNF:2
FNH:0
FNDA:0,(anonymous_0)
FNDA:0,(anonymous_1)
DA:1,1
DA:2,1
DA:21,0
DA:23,0
DA:24,0
DA:37,0
DA:39,0
DA:40,0
DA:51,0
DA:52,0
DA:55,0
DA:56,0
DA:60,0
DA:61,0
DA:64,0
DA:66,0
DA:67,0
DA:77,0
DA:79,0
DA:80,0
DA:82,0
DA:83,0
DA:85,0
DA:86,0
DA:88,0
DA:89,0
DA:91,0
DA:92,0
DA:94,0
DA:95,0
DA:100,1
LF:31
LH:3
BRDA:51,0,0,0
BRDA:51,0,1,0
BRDA:51,1,0,0
BRDA:51,1,1,0
BRDA:60,2,0,0
BRDA:60,2,1,0
BRDA:79,3,0,0
BRDA:79,3,1,0
BRDA:79,4,0,0
BRDA:79,4,1,0
BRDA:82,5,0,0
BRDA:82,5,1,0
BRDA:82,6,0,0
BRDA:82,6,1,0
BRDA:85,7,0,0
BRDA:85,7,1,0
BRDA:85,8,0,0
BRDA:85,8,1,0
BRDA:88,9,0,0
BRDA:88,9,1,0
BRDA:88,10,0,0
BRDA:88,10,1,0
BRDA:91,11,0,0
BRDA:91,11,1,0
BRDA:91,12,0,0
BRDA:91,12,1,0
BRDA:91,12,2,0
BRDA:94,13,0,0
BRDA:94,13,1,0
BRDA:94,14,0,0
BRDA:94,14,1,0
BRF:31
BRH:0
end_of_record
TN:
SF:src/services/FotoService.js
FN:15,(anonymous_0)
FN:64,(anonymous_1)
FN:92,(anonymous_2)
FNF:3
FNH:0
FNDA:0,(anonymous_0)
FNDA:0,(anonymous_1)
FNDA:0,(anonymous_2)
DA:1,1
DA:2,1
DA:3,1
DA:4,1
DA:16,0
DA:17,0
DA:20,0
DA:22,0
DA:25,0
DA:26,0
DA:30,0
DA:31,0
DA:34,0
DA:37,0
DA:38,0
DA:41,0
DA:44,0
DA:51,0
DA:53,0
DA:54,0
DA:65,0
DA:66,0
DA:69,0
DA:70,0
DA:79,0
DA:81,0
DA:82,0
DA:93,0
DA:94,0
DA:97,0
DA:98,0
DA:101,0
DA:103,0
DA:104,0
DA:109,1
LF:35
LH:5
BRDA:16,0,0,0
BRDA:16,0,1,0
BRDA:16,1,0,0
BRDA:16,1,1,0
BRDA:25,2,0,0
BRDA:25,2,1,0
BRDA:37,3,0,0
BRDA:37,3,1,0
BRDA:38,4,0,0
BRDA:38,4,1,0
BRDA:65,5,0,0
BRDA:65,5,1,0
BRDA:93,6,0,0
BRDA:93,6,1,0
BRF:14
BRH:0
end_of_record
TN:
SF:src/services/UserService.js
FN:12,(anonymous_0)
FN:40,(anonymous_1)
FN:58,(anonymous_2)
FN:69,(anonymous_3)
FN:79,(anonymous_4)
FN:97,(anonymous_5)
FNF:6
FNH:0
FNDA:0,(anonymous_0)
FNDA:0,(anonymous_1)
FNDA:0,(anonymous_2)
FNDA:0,(anonymous_3)
FNDA:0,(anonymous_4)
FNDA:0,(anonymous_5)
DA:1,1
DA:2,1
DA:3,1
DA:4,1
DA:13,0
DA:16,0
DA:17,0
DA:18,0
DA:22,0
DA:25,0
DA:32,0
DA:41,0
DA:42,0
DA:45,0
DA:46,0
DA:47,0
DA:49,0
DA:59,0
DA:60,0
DA:62,0
DA:70,0
DA:71,0
DA:80,0
DA:81,0
DA:84,0
DA:85,0
DA:86,0
DA:88,0
DA:98,0
DA:99,0
DA:102,0
DA:104,0
DA:106,0
DA:109,0
DA:110,0
DA:113,0
DA:118,0
DA:120,0
DA:121,0
DA:131,0
DA:133,0
DA:134,0
DA:135,0
DA:137,0
DA:138,0
DA:140,0
DA:141,0
DA:145,0
DA:146,0
DA:149,0
DA:150,0
DA:153,0
DA:154,0
DA:159,1
LF:54
LH:5
BRDA:17,0,0,0
BRDA:17,0,1,0
BRDA:41,1,0,0
BRDA:41,1,1,0
BRDA:41,2,0,0
BRDA:41,2,1,0
BRDA:46,3,0,0
BRDA:46,3,1,0
BRDA:59,4,0,0
BRDA:59,4,1,0
BRDA:59,5,0,0
BRDA:59,5,1,0
BRDA:80,6,0,0
BRDA:80,6,1,0
BRDA:80,7,0,0
BRDA:80,7,1,0
BRDA:85,8,0,0
BRDA:85,8,1,0
BRDA:98,9,0,0
BRDA:98,9,1,0
BRDA:98,10,0,0
BRDA:98,10,1,0
BRDA:109,11,0,0
BRDA:109,11,1,0
BRDA:130,12,0,0
BRDA:133,13,0,0
BRDA:133,13,1,0
BRDA:134,14,0,0
BRDA:134,14,1,0
BRDA:134,15,0,0
BRDA:134,15,1,0
BRDA:137,16,0,0
BRDA:137,16,1,0
BRDA:137,17,0,0
BRDA:137,17,1,0
BRDA:137,17,2,0
BRDA:140,18,0,0
BRDA:140,18,1,0
BRDA:140,19,0,0
BRDA:140,19,1,0
BRDA:140,19,2,0
BRDA:145,20,0,0
BRDA:145,20,1,0
BRDA:145,21,0,0
BRDA:145,21,1,0
BRDA:149,22,0,0
BRDA:149,22,1,0
BRDA:149,23,0,0
BRDA:149,23,1,0
BRDA:153,24,0,0
BRDA:153,24,1,0
BRDA:153,25,0,0
BRDA:153,25,1,0
BRF:53
BRH:0
end_of_record
